2025-06-15 22:14:20,220 - __main__ - INFO - 🚀 Запускаем тестового бота...
2025-06-15 22:14:20,220 - __main__ - INFO - 📁 Логи сохраняются в: logs/bot.log
2025-06-15 22:14:20,259 - __main__ - INFO - ✅ Обработчики команд добавлены
2025-06-15 22:14:20,259 - __main__ - INFO - 🔄 Бот запущен и ожидает сообщения...
2025-06-15 22:14:20,624 - httpx - INFO - HTTP Request: POST https://api.telegram.org/bot7231585770:AAE2ShFa__WUEcD9bFpIzExnJENAbx0180M/getMe "HTTP/1.1 200 OK"
2025-06-15 22:14:20,727 - httpx - INFO - HTTP Request: POST https://api.telegram.org/bot7231585770:AAE2ShFa__WUEcD9bFpIzExnJENAbx0180M/deleteWebhook "HTTP/1.1 200 OK"
2025-06-15 22:14:20,729 - apscheduler.scheduler - INFO - Scheduler started
2025-06-15 22:14:20,729 - telegram.ext.Application - INFO - Application started
2025-06-15 22:14:31,484 - httpx - INFO - HTTP Request: POST https://api.telegram.org/bot7231585770:AAE2ShFa__WUEcD9bFpIzExnJENAbx0180M/getUpdates "HTTP/1.1 200 OK"
2025-06-15 22:14:41,723 - httpx - INFO - HTTP Request: POST https://api.telegram.org/bot7231585770:AAE2ShFa__WUEcD9bFpIzExnJENAbx0180M/getUpdates "HTTP/1.1 200 OK"
2025-06-15 22:14:51,961 - httpx - INFO - HTTP Request: POST https://api.telegram.org/bot7231585770:AAE2ShFa__WUEcD9bFpIzExnJENAbx0180M/getUpdates "HTTP/1.1 200 OK"
2025-06-15 22:14:56,412 - httpx - INFO - HTTP Request: POST https://api.telegram.org/bot7231585770:AAE2ShFa__WUEcD9bFpIzExnJENAbx0180M/getUpdates "HTTP/1.1 200 OK"
2025-06-15 22:14:56,415 - __main__ - INFO - 👤 Пользователь Teo (ID: 472118566) запустил команду /start
2025-06-15 22:14:56,747 - httpx - INFO - HTTP Request: POST https://api.telegram.org/bot7231585770:AAE2ShFa__WUEcD9bFpIzExnJENAbx0180M/sendMessage "HTTP/1.1 200 OK"
2025-06-15 22:14:56,749 - __main__ - INFO - ✅ Отправили приветствие пользователю Teo
2025-06-15 22:15:06,560 - httpx - INFO - HTTP Request: POST https://api.telegram.org/bot7231585770:AAE2ShFa__WUEcD9bFpIzExnJENAbx0180M/getUpdates "HTTP/1.1 200 OK"
2025-06-15 22:15:09,014 - httpx - INFO - HTTP Request: POST https://api.telegram.org/bot7231585770:AAE2ShFa__WUEcD9bFpIzExnJENAbx0180M/getUpdates "HTTP/1.1 200 OK"
2025-06-15 22:15:09,017 - __main__ - INFO - 👤 Пользователь Teo (ID: 472118566) запустил команду /hello
2025-06-15 22:15:09,353 - httpx - INFO - HTTP Request: POST https://api.telegram.org/bot7231585770:AAE2ShFa__WUEcD9bFpIzExnJENAbx0180M/sendMessage "HTTP/1.1 200 OK"
2025-06-15 22:15:09,354 - __main__ - INFO - ✅ Поздоровались с пользователем Teo
2025-06-15 22:15:19,224 - httpx - INFO - HTTP Request: POST https://api.telegram.org/bot7231585770:AAE2ShFa__WUEcD9bFpIzExnJENAbx0180M/getUpdates "HTTP/1.1 200 OK"
2025-06-15 22:15:29,367 - httpx - INFO - HTTP Request: POST https://api.telegram.org/bot7231585770:AAE2ShFa__WUEcD9bFpIzExnJENAbx0180M/getUpdates "HTTP/1.1 200 OK"
2025-06-15 22:15:39,502 - httpx - INFO - HTTP Request: POST https://api.telegram.org/bot7231585770:AAE2ShFa__WUEcD9bFpIzExnJENAbx0180M/getUpdates "HTTP/1.1 200 OK"
2025-06-15 22:15:49,639 - httpx - INFO - HTTP Request: POST https://api.telegram.org/bot7231585770:AAE2ShFa__WUEcD9bFpIzExnJENAbx0180M/getUpdates "HTTP/1.1 200 OK"
2025-06-15 22:15:59,777 - httpx - INFO - HTTP Request: POST https://api.telegram.org/bot7231585770:AAE2ShFa__WUEcD9bFpIzExnJENAbx0180M/getUpdates "HTTP/1.1 200 OK"
2025-06-15 22:16:09,917 - httpx - INFO - HTTP Request: POST https://api.telegram.org/bot7231585770:AAE2ShFa__WUEcD9bFpIzExnJENAbx0180M/getUpdates "HTTP/1.1 200 OK"
2025-06-15 22:16:18,359 - httpx - INFO - HTTP Request: POST https://api.telegram.org/bot7231585770:AAE2ShFa__WUEcD9bFpIzExnJENAbx0180M/getUpdates "HTTP/1.1 200 OK"
2025-06-15 22:16:18,360 - telegram.ext.Application - INFO - Application is stopping. This might take a moment.
2025-06-15 22:16:18,360 - apscheduler.scheduler - INFO - Scheduler has been shut down
2025-06-15 22:16:18,371 - telegram.ext.Application - INFO - Application.stop() complete
2025-06-15 22:16:18,372 - __main__ - INFO - 🛑 Бот остановлен
2025-06-15 22:19:57,998 - __main__ - INFO - 🚀 Запускаем бота Мацав Тов...
2025-06-15 22:19:57,999 - __main__ - INFO - 📁 Логи сохраняются в: logs/bot.log
2025-06-15 22:19:57,999 - __main__ - INFO - 📂 Инициализируем файлы данных...
2025-06-15 22:19:57,999 - database - INFO - 📁 Проверили папку data
2025-06-15 22:19:57,999 - database - INFO - ✅ Создали файл с базовыми фразами: data/phrases.txt (15 фраз)
2025-06-15 22:19:57,999 - database - INFO - ✅ Создали CSV файл для пользовательских фраз: data/user_phrases.csv
2025-06-15 22:19:57,999 - database - INFO - ✅ Создали файл пользователей: data/users.txt
2025-06-15 22:19:57,999 - __main__ - INFO - 🔧 Создаем приложение бота...
2025-06-15 22:19:58,037 - __main__ - INFO - ⚙️ Добавляем обработчики команд...
2025-06-15 22:19:58,037 - __main__ - INFO - ✅ Все обработчики добавлены
2025-06-15 22:19:58,038 - __main__ - INFO - 🔄 Бот запущен и ожидает сообщения...
2025-06-15 22:19:58,435 - apscheduler.scheduler - INFO - Scheduler started
2025-06-15 22:19:58,436 - telegram.ext.Application - INFO - Application started
2025-06-15 22:20:09,341 - bot_handlers - INFO - 👤 Teo (ID: 472118566) запустил команду /start
2025-06-15 22:20:09,342 - database - INFO - 📊 Загрузили 0 пользователей
2025-06-15 22:20:09,343 - database - INFO - 🆕 Добавили нового пользователя: Teo (ID: 472118566)
2025-06-15 22:20:09,656 - bot_handlers - INFO - ✅ Отправили приветствие пользователю Teo
2025-06-15 22:21:13,303 - bot_handlers - INFO - 💬 Teo (ID: 472118566) прислал сообщение: '🌞 Получить порцию тепла...'
2025-06-15 22:21:13,303 - bot_handlers - INFO - 🌞 Teo (ID: 472118566) запросил порцию тепла
2025-06-15 22:21:13,303 - database - INFO - 🎲 Выбрали случайную фразу: 'Маленькие шаги тоже ведут к це...'
2025-06-15 22:21:13,633 - bot_handlers - INFO - ✅ Отправили фразу пользователю Teo
2025-06-15 22:21:16,263 - bot_handlers - INFO - 💬 Teo (ID: 472118566) прислал сообщение: '💌 Поделиться своей фразой...'
2025-06-15 22:21:16,263 - bot_handlers - INFO - 💌 Teo (ID: 472118566) хочет поделиться фразой
2025-06-15 22:21:16,391 - bot_handlers - INFO - ✅ Запросили фразу у пользователя Teo
2025-06-15 22:21:35,221 - bot_handlers - INFO - 💬 Teo (ID: 472118566) прислал сообщение: 'просто подыши...'
2025-06-15 22:21:35,224 - database - INFO - 💾 Сохранили фразу от Teo (ID: 472118566): 'просто подыши...'
2025-06-15 22:21:35,578 - bot_handlers - INFO - ✅ Успешно сохранили фразу от Teo
2025-06-15 22:21:37,709 - bot_handlers - INFO - 💬 Teo (ID: 472118566) прислал сообщение: '📊 Статистика...'
2025-06-15 22:21:37,710 - bot_handlers - INFO - 📊 Teo запросил статистику
2025-06-15 22:21:37,710 - database - INFO - 📊 В базе 15 фраз
2025-06-15 22:21:37,710 - database - INFO - 📊 Ожидает модерации: 1 фраз
2025-06-15 22:21:37,870 - bot_handlers - INFO - ✅ Отправили статистику пользователю Teo
2025-06-15 22:24:16,932 - telegram.ext.Application - INFO - Application is stopping. This might take a moment.
2025-06-15 22:24:16,933 - apscheduler.scheduler - INFO - Scheduler has been shut down
2025-06-15 22:24:16,945 - telegram.ext.Application - INFO - Application.stop() complete
2025-06-15 22:24:16,946 - __main__ - INFO - 🏁 Завершение работы бота
2025-06-15 22:28:30,769 - __main__ - INFO - 🚀 Запускаем бота Мацав Тов...
2025-06-15 22:28:30,769 - __main__ - INFO - 📁 Логи сохраняются в: logs/bot.log
2025-06-15 22:28:30,769 - __main__ - INFO - 📂 Инициализируем файлы данных...
2025-06-15 22:28:30,769 - database - INFO - 📁 Проверили папку data
2025-06-15 22:28:30,769 - database - INFO - 📄 Файл с фразами уже существует: data/phrases.txt
2025-06-15 22:28:30,769 - database - INFO - 📄 CSV файл для пользовательских фраз уже существует: data/user_phrases.csv
2025-06-15 22:28:30,769 - database - INFO - 📄 Файл пользователей уже существует: data/users.txt
2025-06-15 22:28:30,769 - __main__ - INFO - 🔧 Создаем приложение бота...
2025-06-15 22:28:30,805 - __main__ - INFO - ⚙️ Добавляем обработчики команд...
2025-06-15 22:28:30,805 - __main__ - INFO - ✅ Все обработчики добавлены
2025-06-15 22:28:30,805 - __main__ - INFO - 🔄 Бот запущен и ожидает сообщения...
2025-06-15 22:28:31,300 - apscheduler.scheduler - INFO - Scheduler started
2025-06-15 22:28:31,301 - telegram.ext.Application - INFO - Application started
2025-06-15 22:28:43,321 - bot_handlers - INFO - 👤 Teo (ID: 472118566) запустил команду /start
2025-06-15 22:28:43,322 - database - INFO - 📊 Загрузили 1 пользователей
2025-06-15 22:28:43,322 - database - INFO - 👤 Пользователь Teo (ID: 472118566) уже зарегистрирован
2025-06-15 22:28:43,671 - bot_handlers - INFO - ✅ Отправили приветствие пользователю Teo
2025-06-15 22:28:45,468 - bot_handlers - INFO - 💬 Teo (ID: 472118566) прислал сообщение: '🌞 Получить порцию тепла...'
2025-06-15 22:28:45,469 - bot_handlers - INFO - 🌞 Teo (ID: 472118566) запросил порцию тепла
2025-06-15 22:28:45,470 - database - INFO - 🎲 Выбрали случайную фразу: 'Ты более смелый, чем думаешь....'
2025-06-15 22:28:45,809 - bot_handlers - INFO - ✅ Отправили фразу пользователю Teo
2025-06-15 22:28:47,141 - bot_handlers - INFO - 💬 Teo (ID: 472118566) прислал сообщение: '💌 Поделиться своей фразой...'
2025-06-15 22:28:47,141 - bot_handlers - INFO - 💌 Teo (ID: 472118566) хочет поделиться фразой
2025-06-15 22:28:47,280 - bot_handlers - INFO - ✅ Запросили фразу у пользователя Teo
2025-06-15 22:28:52,183 - bot_handlers - INFO - 💬 Teo (ID: 472118566) прислал сообщение: 'тепла...'
2025-06-15 22:28:52,185 - database - INFO - 💾 Сохранили фразу от Teo (ID: 472118566): 'тепла...'
2025-06-15 22:28:52,310 - bot_handlers - INFO - ✅ Успешно сохранили фразу от Teo
2025-06-15 22:28:59,326 - bot_handlers - INFO - 👑 Админ Teo запросил статистику
2025-06-15 22:28:59,327 - database - INFO - 📊 В базе 15 фраз
2025-06-15 22:28:59,327 - database - INFO - 📊 Ожидает модерации: 2 фраз
2025-06-15 22:28:59,328 - database - INFO - 📊 Загрузили 1 пользователей
2025-06-15 22:28:59,878 - bot_handlers - INFO - ✅ Отправили админскую статистику
2025-06-15 22:29:14,029 - telegram.ext.Application - INFO - Application is stopping. This might take a moment.
2025-06-15 22:29:14,030 - apscheduler.scheduler - INFO - Scheduler has been shut down
2025-06-15 22:29:14,041 - telegram.ext.Application - INFO - Application.stop() complete
2025-06-15 22:29:14,043 - __main__ - INFO - 🏁 Завершение работы бота
2025-06-15 22:35:27,753 - __main__ - INFO - 🚀 Запускаем бота Мацав Тов...
2025-06-15 22:35:27,753 - __main__ - INFO - 📁 Логи сохраняются в: logs/bot.log
2025-06-15 22:35:27,753 - __main__ - INFO - 📂 Инициализируем файлы данных...
2025-06-15 22:35:27,753 - database - INFO - 📁 Проверили папку data
2025-06-15 22:35:27,753 - database - INFO - 📄 Файл с фразами уже существует: data/phrases.txt
2025-06-15 22:35:27,753 - database - INFO - 📄 CSV файл для пользовательских фраз уже существует: data/user_phrases.csv
2025-06-15 22:35:27,753 - database - INFO - 📄 Файл пользователей уже существует: data/users.txt
2025-06-15 22:35:27,753 - __main__ - INFO - 🔧 Создаем приложение бота...
2025-06-15 22:35:27,791 - __main__ - INFO - 📅 Инициализируем планировщик рассылки...
2025-06-15 22:35:27,792 - scheduler - INFO - 📅 Инициализируем планировщик рассылки
2025-06-15 22:35:27,792 - __main__ - INFO - ⚙️ Добавляем обработчики команд...
2025-06-15 22:35:27,792 - __main__ - INFO - ✅ Все обработчики добавлены
2025-06-15 22:35:27,792 - __main__ - INFO - 🚀 Запускаем планировщик рассылки...
2025-06-15 22:35:27,793 - apscheduler.scheduler - INFO - Adding job tentatively -- it will be properly scheduled when the scheduler starts
2025-06-15 22:35:27,793 - scheduler - INFO - 📅 Запланировано уведомление #1 на 11:15
2025-06-15 22:35:27,793 - apscheduler.scheduler - INFO - Adding job tentatively -- it will be properly scheduled when the scheduler starts
2025-06-15 22:35:27,793 - scheduler - INFO - 📅 Запланировано уведомление #2 на 14:25
2025-06-15 22:35:27,793 - apscheduler.scheduler - INFO - Adding job tentatively -- it will be properly scheduled when the scheduler starts
2025-06-15 22:35:27,793 - scheduler - INFO - 📅 Запланировано уведомление #3 на 19:53
2025-06-15 22:35:27,793 - apscheduler.scheduler - INFO - Added job "NotificationScheduler.send_daily_notification" to job store "default"
2025-06-15 22:35:27,793 - apscheduler.scheduler - INFO - Added job "NotificationScheduler.send_daily_notification" to job store "default"
2025-06-15 22:35:27,793 - apscheduler.scheduler - INFO - Added job "NotificationScheduler.send_daily_notification" to job store "default"
2025-06-15 22:35:27,793 - apscheduler.scheduler - INFO - Scheduler started
2025-06-15 22:35:27,793 - scheduler - INFO - ✅ Планировщик рассылки запущен
2025-06-15 22:35:27,793 - scheduler - INFO - 🎯 Запланировано 3 уведомления в день
2025-06-15 22:35:27,793 - __main__ - INFO - 🔄 Бот запущен и ожидает сообщения...
2025-06-15 22:35:28,441 - apscheduler.scheduler - INFO - Scheduler started
2025-06-15 22:35:28,442 - telegram.ext.Application - INFO - Application started
2025-06-15 22:35:43,132 - bot_handlers - INFO - 👤 Teo (ID: 472118566) запустил команду /start
2025-06-15 22:35:43,133 - database - INFO - 📊 Загрузили 1 пользователей
2025-06-15 22:35:43,133 - database - INFO - 👤 Пользователь Teo (ID: 472118566) уже зарегистрирован
2025-06-15 22:35:43,476 - bot_handlers - INFO - ✅ Отправили приветствие пользователю Teo
2025-06-15 22:35:47,220 - bot_handlers - INFO - 💬 Teo (ID: 472118566) прислал сообщение: '🌞 Получить порцию тепла...'
2025-06-15 22:35:47,220 - bot_handlers - INFO - 🌞 Teo (ID: 472118566) запросил порцию тепла
2025-06-15 22:35:47,221 - database - INFO - 🎲 Выбрали случайную фразу: 'Иногда просто выдох — уже подв...'
2025-06-15 22:35:47,442 - bot_handlers - INFO - ✅ Отправили фразу пользователю Teo
2025-06-15 22:35:52,576 - bot_handlers - INFO - 💬 Teo (ID: 472118566) прислал сообщение: 'лалала...'
2025-06-15 22:35:53,089 - bot_handlers - INFO - ❓ Teo прислал неожиданное сообщение в состоянии main_menu
2025-06-15 22:35:54,784 - bot_handlers - INFO - 💬 Teo (ID: 472118566) прислал сообщение: '💌 Поделиться своей фразой...'
2025-06-15 22:35:54,784 - bot_handlers - INFO - 💌 Teo (ID: 472118566) хочет поделиться фразой
2025-06-15 22:35:55,005 - bot_handlers - INFO - ✅ Запросили фразу у пользователя Teo
2025-06-15 22:35:57,579 - bot_handlers - INFO - 💬 Teo (ID: 472118566) прислал сообщение: 'лалала...'
2025-06-15 22:35:57,581 - database - INFO - 💾 Сохранили фразу от Teo (ID: 472118566): 'лалала...'
2025-06-15 22:35:57,756 - bot_handlers - INFO - ✅ Успешно сохранили фразу от Teo
2025-06-15 22:36:14,378 - bot_handlers - INFO - 👑 Админ Teo запросил статистику
2025-06-15 22:36:14,379 - database - INFO - 📊 В базе 15 фраз
2025-06-15 22:36:14,379 - database - INFO - 📊 Ожидает модерации: 3 фраз
2025-06-15 22:36:14,379 - database - INFO - 📊 Загрузили 1 пользователей
2025-06-15 22:36:14,826 - bot_handlers - INFO - ✅ Отправили админскую статистику
2025-06-15 22:36:40,905 - bot_handlers - INFO - 👑 Админ Teo запросил тестовое уведомление
2025-06-15 22:36:54,486 - bot_handlers - INFO - 👑 Админ Teo перепланирует рассылки
2025-06-15 22:38:32,780 - telegram.ext.Application - INFO - Application is stopping. This might take a moment.
2025-06-15 22:38:32,780 - apscheduler.scheduler - INFO - Scheduler has been shut down
2025-06-15 22:38:32,791 - telegram.ext.Application - INFO - Application.stop() complete
2025-06-15 22:38:32,793 - scheduler - ERROR - ❌ Ошибка остановки планировщика: Event loop is closed
2025-06-15 22:38:32,793 - __main__ - INFO - 🏁 Завершение работы бота
2025-06-15 22:39:42,666 - __main__ - INFO - 🚀 Запускаем бота Мацав Тов...
2025-06-15 22:39:42,667 - __main__ - INFO - 📁 Логи сохраняются в: logs/bot.log
2025-06-15 22:39:42,667 - __main__ - INFO - 📂 Инициализируем файлы данных...
2025-06-15 22:39:42,667 - database - INFO - 📁 Проверили папку data
2025-06-15 22:39:42,667 - database - INFO - 📄 Файл с фразами уже существует: data/phrases.txt
2025-06-15 22:39:42,667 - database - INFO - 📄 CSV файл для пользовательских фраз уже существует: data/user_phrases.csv
2025-06-15 22:39:42,667 - database - INFO - 📄 Файл пользователей уже существует: data/users.txt
2025-06-15 22:39:42,667 - __main__ - INFO - 🔧 Создаем приложение бота...
2025-06-15 22:39:42,702 - __main__ - INFO - 📅 Инициализируем планировщик рассылки...
2025-06-15 22:39:42,704 - scheduler - INFO - 📅 Инициализируем планировщик рассылки
2025-06-15 22:39:42,704 - __main__ - INFO - ⚙️ Добавляем обработчики команд...
2025-06-15 22:39:42,704 - __main__ - INFO - ✅ Все обработчики добавлены
2025-06-15 22:39:42,704 - __main__ - INFO - 🚀 Запускаем планировщик рассылки...
2025-06-15 22:39:42,704 - apscheduler.scheduler - INFO - Adding job tentatively -- it will be properly scheduled when the scheduler starts
2025-06-15 22:39:42,704 - scheduler - INFO - 📅 Запланировано уведомление #1 на 10:20
2025-06-15 22:39:42,704 - apscheduler.scheduler - INFO - Adding job tentatively -- it will be properly scheduled when the scheduler starts
2025-06-15 22:39:42,704 - scheduler - INFO - 📅 Запланировано уведомление #2 на 15:34
2025-06-15 22:39:42,704 - apscheduler.scheduler - INFO - Adding job tentatively -- it will be properly scheduled when the scheduler starts
2025-06-15 22:39:42,704 - scheduler - INFO - 📅 Запланировано уведомление #3 на 18:32
2025-06-15 22:39:42,704 - apscheduler.scheduler - INFO - Added job "NotificationScheduler.send_daily_notification" to job store "default"
2025-06-15 22:39:42,704 - apscheduler.scheduler - INFO - Added job "NotificationScheduler.send_daily_notification" to job store "default"
2025-06-15 22:39:42,704 - apscheduler.scheduler - INFO - Added job "NotificationScheduler.send_daily_notification" to job store "default"
2025-06-15 22:39:42,704 - apscheduler.scheduler - INFO - Scheduler started
2025-06-15 22:39:42,704 - scheduler - INFO - ✅ Планировщик рассылки запущен
2025-06-15 22:39:42,705 - scheduler - INFO - 🎯 Запланировано 3 уведомления в день
2025-06-15 22:39:42,705 - __main__ - INFO - 🔄 Бот запущен и ожидает сообщения...
2025-06-15 22:39:43,268 - apscheduler.scheduler - INFO - Scheduler started
2025-06-15 22:39:43,268 - telegram.ext.Application - INFO - Application started
2025-06-15 22:39:54,276 - bot_handlers - INFO - 👤 Teo (ID: 472118566) запустил команду /start
2025-06-15 22:39:54,277 - database - INFO - 📊 Загрузили 1 пользователей
2025-06-15 22:39:54,277 - database - INFO - 👤 Пользователь Teo (ID: 472118566) уже зарегистрирован
2025-06-15 22:39:54,640 - bot_handlers - INFO - ✅ Отправили приветствие пользователю Teo
2025-06-15 22:40:01,919 - bot_handlers - INFO - 💬 Teo (ID: 472118566) прислал сообщение: '🌞 Получить порцию тепла...'
2025-06-15 22:40:01,919 - bot_handlers - INFO - 🌞 Teo (ID: 472118566) запросил порцию тепла
2025-06-15 22:40:01,920 - database - INFO - 🎲 Выбрали случайную фразу: 'Отдых — это не лень, это необх...'
2025-06-15 22:40:02,437 - bot_handlers - INFO - ✅ Отправили фразу пользователю Teo
2025-06-15 22:40:04,658 - bot_handlers - INFO - 💬 Teo (ID: 472118566) прислал сообщение: '💌 Поделиться своей фразой...'
2025-06-15 22:40:04,658 - bot_handlers - INFO - 💌 Teo (ID: 472118566) хочет поделиться фразой
2025-06-15 22:40:04,851 - bot_handlers - INFO - ✅ Запросили фразу у пользователя Teo
2025-06-15 22:40:10,147 - bot_handlers - INFO - 💬 Teo (ID: 472118566) прислал сообщение: 'лалал...'
2025-06-15 22:40:10,148 - database - INFO - 💾 Сохранили фразу от Teo (ID: 472118566): 'лалал...'
2025-06-15 22:40:10,634 - bot_handlers - INFO - ✅ Успешно сохранили фразу от Teo
2025-06-15 22:40:13,898 - bot_handlers - INFO - 👑 Админ Teo запросил статистику
2025-06-15 22:40:13,899 - database - INFO - 📊 В базе 15 фраз
2025-06-15 22:40:13,899 - database - INFO - 📊 Ожидает модерации: 4 фраз
2025-06-15 22:40:13,899 - database - INFO - 📊 Загрузили 1 пользователей
2025-06-15 22:40:14,076 - bot_handlers - INFO - ✅ Отправили админскую статистику
2025-06-15 22:40:21,038 - bot_handlers - INFO - 👑 Админ Teo запросил тестовое уведомление
2025-06-15 22:40:31,290 - bot_handlers - INFO - 👑 Админ Teo перепланирует рассылки
2025-06-15 22:43:52,546 - telegram.ext.Application - INFO - Application is stopping. This might take a moment.
2025-06-15 22:43:52,547 - apscheduler.scheduler - INFO - Scheduler has been shut down
2025-06-15 22:43:52,558 - telegram.ext.Application - INFO - Application.stop() complete
2025-06-15 22:43:52,559 - scheduler - ERROR - ❌ Ошибка остановки планировщика: Event loop is closed
2025-06-15 22:43:52,559 - __main__ - INFO - 🏁 Завершение работы бота
2025-06-15 22:43:54,043 - __main__ - INFO - 🚀 Запускаем бота Мацав Тов...
2025-06-15 22:43:54,043 - __main__ - INFO - 📁 Логи сохраняются в: logs/bot.log
2025-06-15 22:43:54,043 - __main__ - INFO - 📂 Инициализируем файлы данных...
2025-06-15 22:43:54,043 - database - INFO - 📁 Проверили папку data
2025-06-15 22:43:54,043 - database - INFO - 📄 Файл с фразами уже существует: data/phrases.txt
2025-06-15 22:43:54,043 - database - INFO - 📄 CSV файл для пользовательских фраз уже существует: data/user_phrases.csv
2025-06-15 22:43:54,043 - database - INFO - 📄 Файл пользователей уже существует: data/users.txt
2025-06-15 22:43:54,043 - __main__ - INFO - 🔧 Создаем приложение бота...
2025-06-15 22:43:54,078 - __main__ - INFO - 📅 Инициализируем планировщик рассылки...
2025-06-15 22:43:54,080 - scheduler - INFO - 📅 Инициализируем планировщик рассылки
2025-06-15 22:43:54,080 - bot_handlers - INFO - ✅ Глобальный планировщик установлен
2025-06-15 22:43:54,080 - __main__ - INFO - ⚙️ Добавляем обработчики команд...
2025-06-15 22:43:54,080 - __main__ - INFO - ✅ Все обработчики добавлены
2025-06-15 22:43:54,080 - __main__ - INFO - 🚀 Запускаем планировщик рассылки...
2025-06-15 22:43:54,080 - apscheduler.scheduler - INFO - Adding job tentatively -- it will be properly scheduled when the scheduler starts
2025-06-15 22:43:54,080 - scheduler - INFO - 📅 Запланировано уведомление #1 на 10:25
2025-06-15 22:43:54,080 - apscheduler.scheduler - INFO - Adding job tentatively -- it will be properly scheduled when the scheduler starts
2025-06-15 22:43:54,080 - scheduler - INFO - 📅 Запланировано уведомление #2 на 15:00
2025-06-15 22:43:54,080 - apscheduler.scheduler - INFO - Adding job tentatively -- it will be properly scheduled when the scheduler starts
2025-06-15 22:43:54,080 - scheduler - INFO - 📅 Запланировано уведомление #3 на 18:24
2025-06-15 22:43:54,080 - apscheduler.scheduler - INFO - Added job "NotificationScheduler.send_daily_notification" to job store "default"
2025-06-15 22:43:54,080 - apscheduler.scheduler - INFO - Added job "NotificationScheduler.send_daily_notification" to job store "default"
2025-06-15 22:43:54,080 - apscheduler.scheduler - INFO - Added job "NotificationScheduler.send_daily_notification" to job store "default"
2025-06-15 22:43:54,080 - apscheduler.scheduler - INFO - Scheduler started
2025-06-15 22:43:54,080 - scheduler - INFO - ✅ Планировщик рассылки запущен
2025-06-15 22:43:54,080 - scheduler - INFO - 🎯 Запланировано 3 уведомления в день
2025-06-15 22:43:54,080 - __main__ - INFO - 🔄 Бот запущен и ожидает сообщения...
2025-06-15 22:43:54,580 - apscheduler.scheduler - INFO - Scheduler started
2025-06-15 22:43:54,580 - telegram.ext.Application - INFO - Application started
2025-06-15 22:44:03,634 - bot_handlers - INFO - 👤 Teo (ID: 472118566) запустил команду /start
2025-06-15 22:44:03,634 - database - INFO - 📊 Загрузили 1 пользователей
2025-06-15 22:44:03,635 - database - INFO - 👤 Пользователь Teo (ID: 472118566) уже зарегистрирован
2025-06-15 22:44:03,955 - bot_handlers - INFO - ✅ Отправили приветствие пользователю Teo
2025-06-15 22:44:04,979 - bot_handlers - INFO - 💬 Teo (ID: 472118566) прислал сообщение: '🌞 Получить порцию тепла...'
2025-06-15 22:44:04,979 - bot_handlers - INFO - 🌞 Teo (ID: 472118566) запросил порцию тепла
2025-06-15 22:44:04,980 - database - INFO - 🎲 Выбрали случайную фразу: 'Каждый день ты делаешь то, что...'
2025-06-15 22:44:05,103 - bot_handlers - INFO - ✅ Отправили фразу пользователю Teo
2025-06-15 22:44:13,908 - bot_handlers - INFO - 👑 Админ Teo запросил статистику
2025-06-15 22:44:13,908 - database - INFO - 📊 В базе 15 фраз
2025-06-15 22:44:13,910 - database - INFO - 📊 Ожидает модерации: 4 фраз
2025-06-15 22:44:13,910 - database - INFO - 📊 Загрузили 1 пользователей
2025-06-15 22:44:14,348 - bot_handlers - INFO - ✅ Отправили админскую статистику
2025-06-15 22:44:20,984 - bot_handlers - INFO - 👑 Админ Teo запросил тестовое уведомление
2025-06-15 22:44:27,671 - bot_handlers - INFO - 👑 Админ Teo перепланирует рассылки
2025-06-15 22:46:58,934 - telegram.ext.Application - INFO - Application is stopping. This might take a moment.
2025-06-15 22:46:58,935 - apscheduler.scheduler - INFO - Scheduler has been shut down
2025-06-15 22:46:58,946 - telegram.ext.Application - INFO - Application.stop() complete
2025-06-15 22:46:58,947 - scheduler - ERROR - ❌ Ошибка остановки планировщика: Event loop is closed
2025-06-15 22:46:58,947 - __main__ - INFO - 🏁 Завершение работы бота
2025-06-15 22:50:58,936 - __main__ - INFO - 🚀 Запускаем бота Мацав Тов...
2025-06-15 22:50:58,936 - __main__ - INFO - 📁 Логи сохраняются в: logs/bot.log
2025-06-15 22:50:58,937 - __main__ - INFO - 📂 Инициализируем файлы данных...
2025-06-15 22:50:58,937 - database - INFO - 📁 Проверили папку data
2025-06-15 22:50:58,937 - database - INFO - 📄 Файл с фразами уже существует: data/phrases.txt
2025-06-15 22:50:58,937 - database - INFO - 📄 CSV файл для пользовательских фраз уже существует: data/user_phrases.csv
2025-06-15 22:50:58,937 - database - INFO - 📄 Файл пользователей уже существует: data/users.txt
2025-06-15 22:50:58,937 - __main__ - INFO - 🔧 Создаем приложение бота...
2025-06-15 22:50:58,975 - __main__ - INFO - 📅 Инициализируем планировщик рассылки...
2025-06-15 22:50:58,979 - scheduler - INFO - 📅 Инициализируем планировщик рассылки
2025-06-15 22:50:58,980 - bot_handlers - INFO - ✅ Глобальный планировщик установлен
2025-06-15 22:50:58,980 - __main__ - INFO - ⚙️ Добавляем обработчики команд...
2025-06-15 22:50:58,980 - __main__ - INFO - ✅ Все обработчики добавлены
2025-06-15 22:50:58,980 - __main__ - INFO - 🚀 Запускаем планировщик рассылки...
2025-06-15 22:50:58,980 - apscheduler.scheduler - INFO - Adding job tentatively -- it will be properly scheduled when the scheduler starts
2025-06-15 22:50:58,980 - scheduler - INFO - 📅 Запланировано уведомление #1 на 10:51
2025-06-15 22:50:58,980 - apscheduler.scheduler - INFO - Adding job tentatively -- it will be properly scheduled when the scheduler starts
2025-06-15 22:50:58,980 - scheduler - INFO - 📅 Запланировано уведомление #2 на 15:49
2025-06-15 22:50:58,980 - apscheduler.scheduler - INFO - Adding job tentatively -- it will be properly scheduled when the scheduler starts
2025-06-15 22:50:58,980 - scheduler - INFO - 📅 Запланировано уведомление #3 на 18:07
2025-06-15 22:50:58,980 - apscheduler.scheduler - INFO - Added job "NotificationScheduler.send_daily_notification" to job store "default"
2025-06-15 22:50:58,981 - apscheduler.scheduler - INFO - Added job "NotificationScheduler.send_daily_notification" to job store "default"
2025-06-15 22:50:58,981 - apscheduler.scheduler - INFO - Added job "NotificationScheduler.send_daily_notification" to job store "default"
2025-06-15 22:50:58,981 - apscheduler.scheduler - INFO - Scheduler started
2025-06-15 22:50:58,981 - scheduler - INFO - ✅ Планировщик рассылки запущен
2025-06-15 22:50:58,981 - scheduler - INFO - 🎯 Запланировано 3 уведомления в день
2025-06-15 22:50:58,981 - __main__ - INFO - 🔄 Бот запущен и ожидает сообщения...
2025-06-15 22:50:59,539 - apscheduler.scheduler - INFO - Scheduler started
2025-06-15 22:50:59,539 - telegram.ext.Application - INFO - Application started
2025-06-15 22:51:07,066 - bot_handlers - INFO - 👤 Teo (ID: 472118566) запустил команду /start
2025-06-15 22:51:07,067 - database - INFO - 📊 Загрузили 1 пользователей
2025-06-15 22:51:07,067 - database - INFO - 👤 Пользователь Teo (ID: 472118566) уже зарегистрирован
2025-06-15 22:51:07,390 - bot_handlers - INFO - ✅ Отправили приветствие пользователю Teo
2025-06-15 22:51:08,895 - bot_handlers - INFO - 💬 Teo (ID: 472118566) прислал сообщение: '🌞 Получить порцию тепла...'
2025-06-15 22:51:08,895 - bot_handlers - INFO - 🌞 Teo (ID: 472118566) запросил порцию тепла
2025-06-15 22:51:08,896 - database - INFO - 🎲 Выбрали случайную фразу: 'Ты растёшь даже тогда, когда э...'
2025-06-15 22:51:09,101 - bot_handlers - INFO - ✅ Отправили фразу пользователю Teo
2025-06-15 22:51:26,840 - bot_handlers - INFO - 👑 Админ Teo запросил статистику
2025-06-15 22:51:26,840 - database - INFO - 📊 В базе 15 фраз
2025-06-15 22:51:26,841 - database - INFO - 📊 Ожидает модерации: 4 фраз
2025-06-15 22:51:26,842 - database - INFO - 📊 Загрузили 1 пользователей
2025-06-15 22:51:27,228 - bot_handlers - INFO - ✅ Отправили админскую статистику
2025-06-15 22:51:39,522 - bot_handlers - INFO - 👑 Админ Teo запросил тестовое уведомление
2025-06-15 22:53:15,428 - telegram.ext.Application - INFO - Application is stopping. This might take a moment.
2025-06-15 22:53:15,429 - apscheduler.scheduler - INFO - Scheduler has been shut down
2025-06-15 22:53:15,440 - telegram.ext.Application - INFO - Application.stop() complete
2025-06-15 22:53:15,442 - scheduler - ERROR - ❌ Ошибка остановки планировщика: Event loop is closed
2025-06-15 22:53:15,443 - __main__ - INFO - 🏁 Завершение работы бота
2025-06-15 22:57:39,719 - __main__ - INFO - 🚀 Запускаем бота Мацав Тов...
2025-06-15 22:57:39,719 - __main__ - INFO - 📁 Логи сохраняются в: logs/bot.log
2025-06-15 22:57:39,719 - __main__ - INFO - 📂 Инициализируем файлы данных...
2025-06-15 22:57:39,719 - database - INFO - 📁 Проверили папку data
2025-06-15 22:57:39,719 - database - INFO - 📄 Файл с фразами уже существует: data/phrases.txt
2025-06-15 22:57:39,719 - database - INFO - 📄 CSV файл для пользовательских фраз уже существует: data/user_phrases.csv
2025-06-15 22:57:39,719 - database - INFO - 📄 Файл пользователей уже существует: data/users.txt
2025-06-15 22:57:39,719 - __main__ - INFO - 🔧 Создаем приложение бота...
2025-06-15 22:57:39,758 - __main__ - INFO - 📅 Инициализируем планировщик рассылки...
2025-06-15 22:57:39,759 - scheduler - INFO - 📅 Инициализируем планировщик рассылки
2025-06-15 22:57:39,759 - __main__ - INFO - ✅ Планировщик создан
2025-06-15 22:57:39,759 - __main__ - INFO - 💾 Планировщик сохранён в bot_data
2025-06-15 22:57:39,759 - __main__ - INFO - 🔧 Устанавливаем глобальный планировщик...
2025-06-15 22:57:39,759 - bot_handlers - INFO - ✅ Глобальный планировщик установлен
2025-06-15 22:57:39,759 - __main__ - INFO - ✅ Глобальный планировщик установлен в main.py
2025-06-15 22:57:39,759 - __main__ - INFO - ⚙️ Добавляем обработчики команд...
2025-06-15 22:57:39,759 - __main__ - INFO - ✅ Все обработчики добавлены
2025-06-15 22:57:39,759 - __main__ - INFO - 🚀 Запускаем планировщик рассылки...
2025-06-15 22:57:39,759 - apscheduler.scheduler - INFO - Adding job tentatively -- it will be properly scheduled when the scheduler starts
2025-06-15 22:57:39,760 - scheduler - INFO - 📅 Запланировано уведомление #1 на 09:35
2025-06-15 22:57:39,760 - apscheduler.scheduler - INFO - Adding job tentatively -- it will be properly scheduled when the scheduler starts
2025-06-15 22:57:39,760 - scheduler - INFO - 📅 Запланировано уведомление #2 на 13:09
2025-06-15 22:57:39,760 - apscheduler.scheduler - INFO - Adding job tentatively -- it will be properly scheduled when the scheduler starts
2025-06-15 22:57:39,760 - scheduler - INFO - 📅 Запланировано уведомление #3 на 17:42
2025-06-15 22:57:39,760 - apscheduler.scheduler - INFO - Added job "NotificationScheduler.send_daily_notification" to job store "default"
2025-06-15 22:57:39,760 - apscheduler.scheduler - INFO - Added job "NotificationScheduler.send_daily_notification" to job store "default"
2025-06-15 22:57:39,760 - apscheduler.scheduler - INFO - Added job "NotificationScheduler.send_daily_notification" to job store "default"
2025-06-15 22:57:39,760 - apscheduler.scheduler - INFO - Scheduler started
2025-06-15 22:57:39,760 - scheduler - INFO - ✅ Планировщик рассылки запущен
2025-06-15 22:57:39,760 - scheduler - INFO - 🎯 Запланировано 3 уведомления в день
2025-06-15 22:57:39,760 - __main__ - INFO - 🔄 Бот запущен и ожидает сообщения...
2025-06-15 22:57:40,235 - apscheduler.scheduler - INFO - Scheduler started
2025-06-15 22:57:40,236 - telegram.ext.Application - INFO - Application started
2025-06-15 22:57:48,088 - bot_handlers - INFO - 👤 Teo (ID: 472118566) запустил команду /start
2025-06-15 22:57:48,089 - database - INFO - 📊 Загрузили 1 пользователей
2025-06-15 22:57:48,089 - database - INFO - 👤 Пользователь Teo (ID: 472118566) уже зарегистрирован
2025-06-15 22:57:48,516 - bot_handlers - INFO - ✅ Отправили приветствие пользователю Teo
2025-06-15 22:57:49,489 - bot_handlers - INFO - 💬 Teo (ID: 472118566) прислал сообщение: '🌞 Получить порцию тепла...'
2025-06-15 22:57:49,490 - bot_handlers - INFO - 🌞 Teo (ID: 472118566) запросил порцию тепла
2025-06-15 22:57:49,490 - database - INFO - 🎲 Выбрали случайную фразу: 'Твоя история ещё не закончена....'
2025-06-15 22:57:49,622 - bot_handlers - INFO - ✅ Отправили фразу пользователю Teo
2025-06-15 22:58:08,565 - bot_handlers - INFO - 👑 Админ Teo запросил статистику
2025-06-15 22:58:08,566 - database - INFO - 📊 В базе 15 фраз
2025-06-15 22:58:08,566 - database - INFO - 📊 Ожидает модерации: 4 фраз
2025-06-15 22:58:08,567 - database - INFO - 📊 Загрузили 1 пользователей
2025-06-15 22:58:08,899 - bot_handlers - INFO - ✅ Отправили админскую статистику
2025-06-15 22:58:39,541 - bot_handlers - INFO - 👑 Админ Teo перепланирует рассылки
2025-06-15 23:01:15,952 - telegram.ext.Application - INFO - Application is stopping. This might take a moment.
2025-06-15 23:01:15,953 - apscheduler.scheduler - INFO - Scheduler has been shut down
2025-06-15 23:01:15,964 - telegram.ext.Application - INFO - Application.stop() complete
2025-06-15 23:01:15,966 - scheduler - ERROR - ❌ Ошибка остановки планировщика: Event loop is closed
2025-06-15 23:01:15,966 - __main__ - INFO - 🏁 Завершение работы бота
2025-06-15 23:01:18,763 - __main__ - INFO - 🚀 Запускаем бота Мацав Тов...
2025-06-15 23:01:18,763 - __main__ - INFO - 📁 Логи сохраняются в: logs/bot.log
2025-06-15 23:01:18,763 - __main__ - INFO - 📂 Инициализируем файлы данных...
2025-06-15 23:01:18,763 - database - INFO - 📁 Проверили папку data
2025-06-15 23:01:18,763 - database - INFO - 📄 Файл с фразами уже существует: data/phrases.txt
2025-06-15 23:01:18,763 - database - INFO - 📄 CSV файл для пользовательских фраз уже существует: data/user_phrases.csv
2025-06-15 23:01:18,763 - database - INFO - 📄 Файл пользователей уже существует: data/users.txt
2025-06-15 23:01:18,763 - __main__ - INFO - 🔧 Создаем приложение бота...
2025-06-15 23:01:18,799 - __main__ - INFO - 📅 Инициализируем планировщик рассылки...
2025-06-15 23:01:18,800 - scheduler - INFO - 📅 Инициализируем планировщик рассылки
2025-06-15 23:01:18,800 - __main__ - INFO - ✅ Планировщик создан
2025-06-15 23:01:18,800 - __main__ - INFO - 💾 Планировщик сохранён в bot_data
2025-06-15 23:01:18,800 - __main__ - INFO - 🔧 Устанавливаем глобальный планировщик...
2025-06-15 23:01:18,801 - bot_handlers - INFO - ✅ Глобальный планировщик установлен
2025-06-15 23:01:18,801 - __main__ - INFO - ✅ Глобальный планировщик установлен в main.py
2025-06-15 23:01:18,801 - __main__ - INFO - ⚙️ Добавляем обработчики команд...
2025-06-15 23:01:18,801 - __main__ - INFO - ✅ Все обработчики добавлены
2025-06-15 23:01:18,801 - __main__ - INFO - 🚀 Запускаем планировщик рассылки...
2025-06-15 23:01:18,801 - apscheduler.scheduler - INFO - Adding job tentatively -- it will be properly scheduled when the scheduler starts
2025-06-15 23:01:18,801 - scheduler - INFO - 📅 Запланировано уведомление #1 на 09:10
2025-06-15 23:01:18,801 - apscheduler.scheduler - INFO - Adding job tentatively -- it will be properly scheduled when the scheduler starts
2025-06-15 23:01:18,801 - scheduler - INFO - 📅 Запланировано уведомление #2 на 15:41
2025-06-15 23:01:18,801 - apscheduler.scheduler - INFO - Adding job tentatively -- it will be properly scheduled when the scheduler starts
2025-06-15 23:01:18,801 - scheduler - INFO - 📅 Запланировано уведомление #3 на 19:44
2025-06-15 23:01:18,802 - apscheduler.scheduler - INFO - Added job "NotificationScheduler.send_daily_notification" to job store "default"
2025-06-15 23:01:18,802 - apscheduler.scheduler - INFO - Added job "NotificationScheduler.send_daily_notification" to job store "default"
2025-06-15 23:01:18,802 - apscheduler.scheduler - INFO - Added job "NotificationScheduler.send_daily_notification" to job store "default"
2025-06-15 23:01:18,802 - apscheduler.scheduler - INFO - Scheduler started
2025-06-15 23:01:18,802 - scheduler - INFO - ✅ Планировщик рассылки запущен
2025-06-15 23:01:18,802 - scheduler - INFO - 🎯 Запланировано 3 уведомления в день
2025-06-15 23:01:18,802 - __main__ - INFO - 🔄 Бот запущен и ожидает сообщения...
2025-06-15 23:01:19,204 - apscheduler.scheduler - INFO - Scheduler started
2025-06-15 23:01:19,205 - telegram.ext.Application - INFO - Application started
2025-06-15 23:02:21,635 - bot_handlers - INFO - 👑 Админ Teo запросил статистику
2025-06-15 23:02:21,636 - database - INFO - 📊 В базе 15 фраз
2025-06-15 23:02:21,637 - database - INFO - 📊 Ожидает модерации: 4 фраз
2025-06-15 23:02:21,637 - database - INFO - 📊 Загрузили 1 пользователей
2025-06-15 23:02:22,249 - bot_handlers - INFO - ✅ Отправили админскую статистику
2025-06-15 23:02:31,184 - bot_handlers - INFO - 👑 Админ Teo запросил тестовое уведомление
2025-06-15 23:02:41,430 - bot_handlers - INFO - 👑 Админ Teo перепланирует рассылки
2025-06-15 23:03:36,923 - telegram.ext.Application - INFO - Application is stopping. This might take a moment.
2025-06-15 23:03:36,924 - apscheduler.scheduler - INFO - Scheduler has been shut down
2025-06-15 23:03:36,935 - telegram.ext.Application - INFO - Application.stop() complete
2025-06-15 23:03:36,937 - scheduler - ERROR - ❌ Ошибка остановки планировщика: Event loop is closed
2025-06-15 23:03:36,937 - __main__ - INFO - 🏁 Завершение работы бота
2025-06-15 23:03:51,800 - __main__ - INFO - 🚀 Запускаем бота Мацав Тов...
2025-06-15 23:03:51,800 - __main__ - INFO - 📁 Логи сохраняются в: logs/bot.log
2025-06-15 23:03:51,800 - __main__ - INFO - 📂 Инициализируем файлы данных...
2025-06-15 23:03:51,800 - database - INFO - 📁 Проверили папку data
2025-06-15 23:03:51,800 - database - INFO - 📄 Файл с фразами уже существует: data/phrases.txt
2025-06-15 23:03:51,800 - database - INFO - 📄 CSV файл для пользовательских фраз уже существует: data/user_phrases.csv
2025-06-15 23:03:51,800 - database - INFO - 📄 Файл пользователей уже существует: data/users.txt
2025-06-15 23:03:51,800 - __main__ - INFO - 🔧 Создаем приложение бота...
2025-06-15 23:03:51,836 - __main__ - INFO - 📅 Инициализируем планировщик рассылки...
2025-06-15 23:03:51,837 - scheduler - INFO - 📅 Инициализируем планировщик рассылки
2025-06-15 23:03:51,837 - __main__ - INFO - ✅ Планировщик создан
2025-06-15 23:03:51,837 - __main__ - INFO - 💾 Планировщик сохранён в bot_data
2025-06-15 23:03:51,837 - __main__ - INFO - 🔧 Устанавливаем глобальный планировщик...
2025-06-15 23:03:51,837 - bot_handlers - INFO - ✅ Глобальный планировщик установлен
2025-06-15 23:03:51,837 - __main__ - INFO - ✅ Глобальный планировщик установлен в main.py
2025-06-15 23:03:51,837 - __main__ - INFO - ⚙️ Добавляем обработчики команд...
2025-06-15 23:03:51,837 - __main__ - INFO - ✅ Все обработчики добавлены
2025-06-15 23:03:51,837 - __main__ - INFO - 🚀 Запускаем планировщик рассылки...
2025-06-15 23:03:51,838 - apscheduler.scheduler - INFO - Adding job tentatively -- it will be properly scheduled when the scheduler starts
2025-06-15 23:03:51,838 - scheduler - INFO - 📅 Запланировано уведомление #1 на 10:40
2025-06-15 23:03:51,838 - apscheduler.scheduler - INFO - Adding job tentatively -- it will be properly scheduled when the scheduler starts
2025-06-15 23:03:51,838 - scheduler - INFO - 📅 Запланировано уведомление #2 на 14:10
2025-06-15 23:03:51,838 - apscheduler.scheduler - INFO - Adding job tentatively -- it will be properly scheduled when the scheduler starts
2025-06-15 23:03:51,838 - scheduler - INFO - 📅 Запланировано уведомление #3 на 18:19
2025-06-15 23:03:51,838 - apscheduler.scheduler - INFO - Added job "NotificationScheduler.send_daily_notification" to job store "default"
2025-06-15 23:03:51,838 - apscheduler.scheduler - INFO - Added job "NotificationScheduler.send_daily_notification" to job store "default"
2025-06-15 23:03:51,838 - apscheduler.scheduler - INFO - Added job "NotificationScheduler.send_daily_notification" to job store "default"
2025-06-15 23:03:51,838 - apscheduler.scheduler - INFO - Scheduler started
2025-06-15 23:03:51,838 - scheduler - INFO - ✅ Планировщик рассылки запущен
2025-06-15 23:03:51,838 - scheduler - INFO - 🎯 Запланировано 3 уведомления в день
2025-06-15 23:03:51,838 - __main__ - INFO - 🔄 Бот запущен и ожидает сообщения...
2025-06-15 23:03:52,273 - apscheduler.scheduler - INFO - Scheduler started
2025-06-15 23:03:52,274 - telegram.ext.Application - INFO - Application started
2025-06-15 23:04:16,880 - bot_handlers - INFO - 👤 Teo (ID: 472118566) запустил команду /start
2025-06-15 23:04:16,881 - database - INFO - 📊 Загрузили 1 пользователей
2025-06-15 23:04:16,881 - database - INFO - 👤 Пользователь Teo (ID: 472118566) уже зарегистрирован
2025-06-15 23:04:17,336 - bot_handlers - INFO - ✅ Отправили приветствие пользователю Teo
2025-06-15 23:04:39,015 - bot_handlers - INFO - 👑 Админ Teo запросил статистику
2025-06-15 23:04:39,016 - database - INFO - 📊 В базе 15 фраз
2025-06-15 23:04:39,016 - database - INFO - 📊 Ожидает модерации: 4 фраз
2025-06-15 23:04:39,017 - database - INFO - 📊 Загрузили 1 пользователей
2025-06-15 23:04:39,618 - bot_handlers - INFO - ✅ Отправили админскую статистику
2025-06-15 23:04:50,335 - bot_handlers - INFO - 👑 Админ Teo запросил тестовое уведомление
2025-06-15 23:04:59,239 - bot_handlers - INFO - 👑 Админ Teo перепланирует рассылки
2025-06-15 23:05:43,704 - telegram.ext.Application - INFO - Application is stopping. This might take a moment.
2025-06-15 23:05:43,707 - apscheduler.scheduler - INFO - Scheduler has been shut down
2025-06-15 23:05:43,717 - telegram.ext.Application - INFO - Application.stop() complete
2025-06-15 23:05:43,718 - scheduler - ERROR - ❌ Ошибка остановки планировщика: Event loop is closed
2025-06-15 23:05:43,718 - __main__ - INFO - 🏁 Завершение работы бота
2025-06-15 23:06:41,805 - __main__ - INFO - 🚀 Запускаем бота Мацав Тов...
2025-06-15 23:06:41,806 - __main__ - INFO - 📁 Логи сохраняются в: logs/bot.log
2025-06-15 23:06:41,806 - __main__ - INFO - 📂 Инициализируем файлы данных...
2025-06-15 23:06:41,806 - database - INFO - 📁 Проверили папку data
2025-06-15 23:06:41,806 - database - INFO - 📄 Файл с фразами уже существует: data/phrases.txt
2025-06-15 23:06:41,806 - database - INFO - 📄 CSV файл для пользовательских фраз уже существует: data/user_phrases.csv
2025-06-15 23:06:41,806 - database - INFO - 📄 Файл пользователей уже существует: data/users.txt
2025-06-15 23:06:41,806 - __main__ - INFO - 🔧 Создаем приложение бота...
2025-06-15 23:06:41,843 - __main__ - INFO - 📅 Инициализируем планировщик рассылки...
2025-06-15 23:06:41,844 - scheduler - INFO - 📅 Инициализируем планировщик рассылки
2025-06-15 23:06:41,845 - __main__ - INFO - ✅ Планировщик создан
2025-06-15 23:06:41,845 - __main__ - INFO - 💾 Планировщик сохранён в bot_data
2025-06-15 23:06:41,845 - __main__ - INFO - 🔧 Устанавливаем глобальный планировщик...
2025-06-15 23:06:41,847 - bot_handlers - INFO - ✅ Глобальный планировщик установлен
2025-06-15 23:06:41,847 - __main__ - INFO - ✅ Глобальный планировщик установлен в main.py
2025-06-15 23:06:41,847 - __main__ - INFO - ⚙️ Добавляем обработчики команд...
2025-06-15 23:06:41,847 - __main__ - INFO - ✅ Все обработчики добавлены
2025-06-15 23:06:41,847 - __main__ - INFO - 🚀 Запускаем планировщик рассылки...
2025-06-15 23:06:41,847 - apscheduler.scheduler - INFO - Adding job tentatively -- it will be properly scheduled when the scheduler starts
2025-06-15 23:06:41,847 - scheduler - INFO - 📅 Запланировано уведомление #1 на 10:14
2025-06-15 23:06:41,848 - apscheduler.scheduler - INFO - Adding job tentatively -- it will be properly scheduled when the scheduler starts
2025-06-15 23:06:41,848 - scheduler - INFO - 📅 Запланировано уведомление #2 на 15:56
2025-06-15 23:06:41,848 - apscheduler.scheduler - INFO - Adding job tentatively -- it will be properly scheduled when the scheduler starts
2025-06-15 23:06:41,848 - scheduler - INFO - 📅 Запланировано уведомление #3 на 19:10
2025-06-15 23:06:41,848 - apscheduler.scheduler - INFO - Added job "NotificationScheduler.send_daily_notification" to job store "default"
2025-06-15 23:06:41,848 - apscheduler.scheduler - INFO - Added job "NotificationScheduler.send_daily_notification" to job store "default"
2025-06-15 23:06:41,848 - apscheduler.scheduler - INFO - Added job "NotificationScheduler.send_daily_notification" to job store "default"
2025-06-15 23:06:41,848 - apscheduler.scheduler - INFO - Scheduler started
2025-06-15 23:06:41,848 - scheduler - INFO - ✅ Планировщик рассылки запущен
2025-06-15 23:06:41,848 - scheduler - INFO - 🎯 Запланировано 3 уведомления в день
2025-06-15 23:06:41,848 - __main__ - INFO - 🔄 Бот запущен и ожидает сообщения...
2025-06-15 23:06:42,285 - apscheduler.scheduler - INFO - Scheduler started
2025-06-15 23:06:42,285 - telegram.ext.Application - INFO - Application started
2025-06-15 23:07:10,765 - bot_handlers - INFO - 👤 Teo (ID: 472118566) запустил команду /start
2025-06-15 23:07:10,766 - database - INFO - 📊 Загрузили 1 пользователей
2025-06-15 23:07:10,766 - database - INFO - 👤 Пользователь Teo (ID: 472118566) уже зарегистрирован
2025-06-15 23:07:11,086 - bot_handlers - INFO - ✅ Отправили приветствие пользователю Teo
2025-06-15 23:07:13,900 - bot_handlers - INFO - 👑 Админ Teo запросил тестовое уведомление
2025-06-15 23:08:05,091 - telegram.ext.Application - INFO - Application is stopping. This might take a moment.
2025-06-15 23:08:05,091 - apscheduler.scheduler - INFO - Scheduler has been shut down
2025-06-15 23:08:05,101 - telegram.ext.Application - INFO - Application.stop() complete
2025-06-15 23:08:05,103 - scheduler - ERROR - ❌ Ошибка остановки планировщика: Event loop is closed
2025-06-15 23:08:05,103 - __main__ - INFO - 🏁 Завершение работы бота
2025-06-15 23:10:28,433 - __main__ - INFO - 🚀 Запускаем бота Мацав Тов...
2025-06-15 23:10:28,433 - __main__ - INFO - 📁 Логи сохраняются в: logs/bot.log
2025-06-15 23:10:28,433 - __main__ - INFO - 📂 Инициализируем файлы данных...
2025-06-15 23:10:28,433 - database - INFO - 📁 Проверили папку data
2025-06-15 23:10:28,433 - database - INFO - 📄 Файл с фразами уже существует: data/phrases.txt
2025-06-15 23:10:28,433 - database - INFO - 📄 CSV файл для пользовательских фраз уже существует: data/user_phrases.csv
2025-06-15 23:10:28,433 - database - INFO - 📄 Файл пользователей уже существует: data/users.txt
2025-06-15 23:10:28,433 - __main__ - INFO - 🔧 Создаем приложение бота...
2025-06-15 23:10:28,470 - __main__ - INFO - 📅 Инициализируем планировщик рассылки...
2025-06-15 23:10:28,472 - scheduler - INFO - 📅 Инициализируем планировщик рассылки
2025-06-15 23:10:28,472 - __main__ - INFO - ✅ Планировщик создан
2025-06-15 23:10:28,472 - __main__ - INFO - 💾 Планировщик сохранён в bot_data
2025-06-15 23:10:28,472 - __main__ - INFO - 🔧 Устанавливаем глобальный планировщик...
2025-06-15 23:10:28,472 - bot_handlers - INFO - ✅ Глобальный планировщик установлен
2025-06-15 23:10:28,472 - __main__ - INFO - ✅ Глобальный планировщик установлен в main.py
2025-06-15 23:10:28,472 - __main__ - INFO - ⚙️ Добавляем обработчики команд...
2025-06-15 23:10:28,472 - __main__ - INFO - ✅ Все обработчики добавлены
2025-06-15 23:10:28,472 - __main__ - INFO - 🚀 Запускаем планировщик рассылки...
2025-06-15 23:10:28,472 - apscheduler.scheduler - INFO - Adding job tentatively -- it will be properly scheduled when the scheduler starts
2025-06-15 23:10:28,472 - scheduler - INFO - 📅 Запланировано уведомление #1 на 10:09
2025-06-15 23:10:28,472 - apscheduler.scheduler - INFO - Adding job tentatively -- it will be properly scheduled when the scheduler starts
2025-06-15 23:10:28,472 - scheduler - INFO - 📅 Запланировано уведомление #2 на 14:20
2025-06-15 23:10:28,473 - apscheduler.scheduler - INFO - Adding job tentatively -- it will be properly scheduled when the scheduler starts
2025-06-15 23:10:28,473 - scheduler - INFO - 📅 Запланировано уведомление #3 на 18:16
2025-06-15 23:10:28,473 - apscheduler.scheduler - INFO - Added job "NotificationScheduler.send_daily_notification" to job store "default"
2025-06-15 23:10:28,473 - apscheduler.scheduler - INFO - Added job "NotificationScheduler.send_daily_notification" to job store "default"
2025-06-15 23:10:28,473 - apscheduler.scheduler - INFO - Added job "NotificationScheduler.send_daily_notification" to job store "default"
2025-06-15 23:10:28,473 - apscheduler.scheduler - INFO - Scheduler started
2025-06-15 23:10:28,473 - scheduler - INFO - ✅ Планировщик рассылки запущен
2025-06-15 23:10:28,473 - scheduler - INFO - 🎯 Запланировано 3 уведомления в день
2025-06-15 23:10:28,473 - __main__ - INFO - 🔄 Бот запущен и ожидает сообщения...
2025-06-15 23:10:29,144 - apscheduler.scheduler - INFO - Scheduler started
2025-06-15 23:10:29,145 - telegram.ext.Application - INFO - Application started
2025-06-15 23:10:35,629 - bot_handlers - INFO - 👤 Teo (ID: 472118566) запустил команду /start
2025-06-15 23:10:35,630 - database - INFO - 📊 Загрузили 1 пользователей
2025-06-15 23:10:35,630 - database - INFO - 👤 Пользователь Teo (ID: 472118566) уже зарегистрирован
2025-06-15 23:10:36,097 - bot_handlers - INFO - ✅ Отправили приветствие пользователю Teo
2025-06-15 23:10:44,510 - bot_handlers - INFO - 💬 Teo (ID: 472118566) прислал сообщение: '🌞 Получить порцию тепла...'
2025-06-15 23:10:44,510 - bot_handlers - INFO - 🌞 Teo (ID: 472118566) запросил порцию тепла
2025-06-15 23:10:44,511 - database - INFO - 🎲 Выбрали случайную фразу: 'Отдых — это не лень, это необх...'
2025-06-15 23:10:44,883 - bot_handlers - INFO - ✅ Отправили фразу пользователю Teo
2025-06-15 23:10:48,030 - bot_handlers - INFO - 👑 Админ Teo запросил тестовое уведомление
2025-06-15 23:10:56,351 - bot_handlers - INFO - 👑 Админ Teo перепланирует рассылки
2025-06-15 23:13:32,388 - telegram.ext.Application - INFO - Application is stopping. This might take a moment.
2025-06-15 23:13:32,389 - apscheduler.scheduler - INFO - Scheduler has been shut down
2025-06-15 23:13:32,400 - telegram.ext.Application - INFO - Application.stop() complete
2025-06-15 23:13:32,401 - scheduler - ERROR - ❌ Ошибка остановки планировщика: Event loop is closed
2025-06-15 23:13:32,401 - __main__ - INFO - 🏁 Завершение работы бота
2025-06-15 23:13:34,218 - __main__ - INFO - 🚀 Запускаем бота Мацав Тов...
2025-06-15 23:13:34,218 - __main__ - INFO - 📁 Логи сохраняются в: logs/bot.log
2025-06-15 23:13:34,218 - __main__ - INFO - 📂 Инициализируем файлы данных...
2025-06-15 23:13:34,218 - database - INFO - 📁 Проверили папку data
2025-06-15 23:13:34,218 - database - INFO - 📄 Файл с фразами уже существует: data/phrases.txt
2025-06-15 23:13:34,218 - database - INFO - 📄 CSV файл для пользовательских фраз уже существует: data/user_phrases.csv
2025-06-15 23:13:34,218 - database - INFO - 📄 Файл пользователей уже существует: data/users.txt
2025-06-15 23:13:34,218 - __main__ - INFO - 🔧 Создаем приложение бота...
2025-06-15 23:13:34,254 - __main__ - INFO - 📅 Инициализируем планировщик рассылки...
2025-06-15 23:13:34,255 - scheduler - INFO - 📅 Инициализируем планировщик рассылки
2025-06-15 23:13:34,255 - __main__ - INFO - ✅ Планировщик создан
2025-06-15 23:13:34,256 - __main__ - INFO - 💾 Планировщик сохранён в bot_data
2025-06-15 23:13:34,256 - __main__ - INFO - 🔧 Устанавливаем глобальный планировщик...
2025-06-15 23:13:34,258 - bot_handlers_fixed - INFO - ✅ Глобальный планировщик установлен
2025-06-15 23:13:34,258 - __main__ - INFO - ✅ Глобальный планировщик установлен в main.py
2025-06-15 23:13:34,258 - __main__ - INFO - ⚙️ Добавляем обработчики команд...
2025-06-15 23:13:34,258 - __main__ - INFO - ✅ Все обработчики добавлены
2025-06-15 23:13:34,258 - __main__ - INFO - 🚀 Запускаем планировщик рассылки...
2025-06-15 23:13:34,258 - apscheduler.scheduler - INFO - Adding job tentatively -- it will be properly scheduled when the scheduler starts
2025-06-15 23:13:34,258 - scheduler - INFO - 📅 Запланировано уведомление #1 на 11:07
2025-06-15 23:13:34,258 - apscheduler.scheduler - INFO - Adding job tentatively -- it will be properly scheduled when the scheduler starts
2025-06-15 23:13:34,258 - scheduler - INFO - 📅 Запланировано уведомление #2 на 15:20
2025-06-15 23:13:34,258 - apscheduler.scheduler - INFO - Adding job tentatively -- it will be properly scheduled when the scheduler starts
2025-06-15 23:13:34,258 - scheduler - INFO - 📅 Запланировано уведомление #3 на 18:04
2025-06-15 23:13:34,259 - apscheduler.scheduler - INFO - Added job "NotificationScheduler.send_daily_notification" to job store "default"
2025-06-15 23:13:34,259 - apscheduler.scheduler - INFO - Added job "NotificationScheduler.send_daily_notification" to job store "default"
2025-06-15 23:13:34,259 - apscheduler.scheduler - INFO - Added job "NotificationScheduler.send_daily_notification" to job store "default"
2025-06-15 23:13:34,259 - apscheduler.scheduler - INFO - Scheduler started
2025-06-15 23:13:34,259 - scheduler - INFO - ✅ Планировщик рассылки запущен
2025-06-15 23:13:34,259 - scheduler - INFO - 🎯 Запланировано 3 уведомления в день
2025-06-15 23:13:34,259 - __main__ - INFO - 🔄 Бот запущен и ожидает сообщения...
2025-06-15 23:13:34,796 - apscheduler.scheduler - INFO - Scheduler started
2025-06-15 23:13:34,796 - telegram.ext.Application - INFO - Application started
2025-06-15 23:13:45,249 - bot_handlers_fixed - INFO - 👤 Teo (ID: 472118566) запустил команду /start
2025-06-15 23:13:45,251 - database - INFO - 📊 Загрузили 1 пользователей
2025-06-15 23:13:45,251 - database - INFO - 👤 Пользователь Teo (ID: 472118566) уже зарегистрирован
2025-06-15 23:13:45,561 - bot_handlers_fixed - INFO - ✅ Отправили приветствие пользователю Teo
2025-06-15 23:13:53,528 - bot_handlers_fixed - INFO - 👑 Админ Teo запросил тестовое уведомление
2025-06-15 23:13:53,528 - bot_handlers_fixed - INFO - 🔍 global_scheduler состояние: True
2025-06-15 23:13:53,528 - bot_handlers_fixed - INFO - 🔍 Тип global_scheduler: <class 'scheduler.NotificationScheduler'>
2025-06-15 23:13:53,528 - bot_handlers_fixed - INFO - 🔍 Методы global_scheduler: ['__class__', '__delattr__', '__dict__', '__dir__', '__doc__', '__eq__', '__format__', '__ge__', '__getattribute__', '__getstate__', '__gt__', '__hash__', '__init__', '__init_subclass__', '__le__', '__lt__', '__module__', '__ne__', '__new__', '__reduce__', '__reduce_ex__', '__repr__', '__setattr__', '__sizeof__', '__str__', '__subclasshook__', '__weakref__', 'bot', 'get_next_notifications', 'get_stats', 'notification_count', 'reschedule_notifications', 'schedule_daily_notifications', 'scheduler', 'send_daily_notification', 'send_test_notification', 'start', 'stop']
2025-06-15 23:13:53,530 - database - INFO - 🎲 Выбрали случайную фразу: 'Иногда просто выдох — уже подв...'
2025-06-15 23:13:53,853 - scheduler - INFO - ✅ Тестовое уведомление отправлено пользователю 472118566
2025-06-15 23:13:53,976 - bot_handlers_fixed - INFO - ✅ Тестовое уведомление отправлено успешно
2025-06-15 23:14:21,497 - bot_handlers_fixed - INFO - 👑 Админ Teo перепланирует рассылки
2025-06-15 23:14:21,497 - bot_handlers_fixed - INFO - 🔍 global_scheduler состояние: True
2025-06-15 23:14:21,497 - apscheduler.scheduler - INFO - Removed job daily_notification_0
2025-06-15 23:14:21,497 - apscheduler.scheduler - INFO - Removed job daily_notification_1
2025-06-15 23:14:21,498 - apscheduler.scheduler - INFO - Removed job daily_notification_2
2025-06-15 23:14:21,498 - apscheduler.scheduler - INFO - Added job "NotificationScheduler.send_daily_notification" to job store "default"
2025-06-15 23:14:21,499 - scheduler - INFO - 📅 Запланировано уведомление #1 на 09:13
2025-06-15 23:14:21,499 - apscheduler.scheduler - INFO - Added job "NotificationScheduler.send_daily_notification" to job store "default"
2025-06-15 23:14:21,499 - scheduler - INFO - 📅 Запланировано уведомление #2 на 15:19
2025-06-15 23:14:21,500 - apscheduler.scheduler - INFO - Added job "NotificationScheduler.send_daily_notification" to job store "default"
2025-06-15 23:14:21,500 - scheduler - INFO - 📅 Запланировано уведомление #3 на 18:22
2025-06-15 23:14:21,500 - scheduler - INFO - 🔄 Расписание рассылки обновлено
2025-06-15 23:14:21,818 - bot_handlers_fixed - INFO - ✅ Рассылки перепланированы успешно
2025-06-15 23:14:21,818 - bot_handlers_fixed - INFO - 📅 Новые времена: 09:13, 15:19, 18:22
2025-06-15 23:22:18,077 - telegram.ext.Application - INFO - Application is stopping. This might take a moment.
2025-06-15 23:22:18,078 - apscheduler.scheduler - INFO - Scheduler has been shut down
2025-06-15 23:22:18,089 - telegram.ext.Application - INFO - Application.stop() complete
2025-06-15 23:22:18,090 - scheduler - ERROR - ❌ Ошибка остановки планировщика: Event loop is closed
2025-06-15 23:22:18,090 - __main__ - INFO - 🏁 Завершение работы бота
2025-06-15 23:29:45,564 - __main__ - INFO - 🚀 Запускаем бота Мацав Тов...
2025-06-15 23:29:45,564 - __main__ - INFO - 📁 Логи сохраняются в: logs/bot.log
2025-06-15 23:29:45,564 - __main__ - INFO - 📂 Инициализируем файлы данных...
2025-06-15 23:29:45,564 - database - INFO - 📁 Проверили папку data
2025-06-15 23:29:45,564 - database - INFO - 📄 Файл с фразами уже существует: data/phrases.txt
2025-06-15 23:29:45,564 - database - INFO - 📄 CSV файл для пользовательских фраз уже существует: data/user_phrases.csv
2025-06-15 23:29:45,564 - database - INFO - 📄 Файл пользователей уже существует: data/users.txt
2025-06-15 23:29:45,564 - __main__ - INFO - 🔧 Создаем приложение бота...
2025-06-15 23:29:45,604 - __main__ - INFO - 📅 Инициализируем планировщик рассылки...
2025-06-15 23:29:45,606 - scheduler - INFO - 📅 Инициализируем планировщик рассылки
2025-06-15 23:29:45,606 - __main__ - INFO - ✅ Планировщик создан
2025-06-15 23:29:45,606 - __main__ - INFO - 💾 Планировщик сохранён в bot_data
2025-06-15 23:29:45,606 - __main__ - INFO - 🔧 Устанавливаем глобальный планировщик...
2025-06-15 23:29:45,612 - bot_handlers_fixed - INFO - ✅ Глобальный планировщик установлен
2025-06-15 23:29:45,612 - __main__ - INFO - ✅ Глобальный планировщик установлен в main.py
2025-06-15 23:29:45,612 - __main__ - INFO - ⚙️ Добавляем обработчики команд...
2025-06-15 23:29:45,612 - __main__ - INFO - ✅ Все обработчики добавлены
2025-06-15 23:29:45,612 - __main__ - INFO - 🚀 Запускаем планировщик рассылки...
2025-06-15 23:29:45,612 - apscheduler.scheduler - INFO - Adding job tentatively -- it will be properly scheduled when the scheduler starts
2025-06-15 23:29:45,612 - scheduler - INFO - 📅 Запланировано уведомление #1 на 10:20
2025-06-15 23:29:45,612 - apscheduler.scheduler - INFO - Adding job tentatively -- it will be properly scheduled when the scheduler starts
2025-06-15 23:29:45,612 - scheduler - INFO - 📅 Запланировано уведомление #2 на 13:07
2025-06-15 23:29:45,612 - apscheduler.scheduler - INFO - Adding job tentatively -- it will be properly scheduled when the scheduler starts
2025-06-15 23:29:45,612 - scheduler - INFO - 📅 Запланировано уведомление #3 на 16:38
2025-06-15 23:29:45,612 - apscheduler.scheduler - INFO - Adding job tentatively -- it will be properly scheduled when the scheduler starts
2025-06-15 23:29:45,612 - scheduler - INFO - 📅 Запланировано уведомление #4 на 20:09
2025-06-15 23:29:45,612 - apscheduler.scheduler - INFO - Added job "NotificationScheduler.send_daily_notification" to job store "default"
2025-06-15 23:29:45,613 - apscheduler.scheduler - INFO - Added job "NotificationScheduler.send_daily_notification" to job store "default"
2025-06-15 23:29:45,613 - apscheduler.scheduler - INFO - Added job "NotificationScheduler.send_daily_notification" to job store "default"
2025-06-15 23:29:45,613 - apscheduler.scheduler - INFO - Added job "NotificationScheduler.send_daily_notification" to job store "default"
2025-06-15 23:29:45,613 - apscheduler.scheduler - INFO - Scheduler started
2025-06-15 23:29:45,613 - scheduler - INFO - ✅ Планировщик рассылки запущен
2025-06-15 23:29:45,613 - scheduler - INFO - 🎯 Запланировано 4 уведомления в день
2025-06-15 23:29:45,613 - __main__ - INFO - 🔄 Бот запущен и ожидает сообщения...
2025-06-15 23:29:46,080 - apscheduler.scheduler - INFO - Scheduler started
2025-06-15 23:29:46,081 - telegram.ext.Application - INFO - Application started
2025-06-15 23:30:13,909 - bot_handlers_fixed - INFO - 👤 Teo (ID: 472118566) запустил команду /start
2025-06-15 23:30:13,910 - database - INFO - 📊 Загрузили 1 пользователей
2025-06-15 23:30:13,911 - database - INFO - 👤 Пользователь Teo (ID: 472118566) уже зарегистрирован
2025-06-15 23:30:14,438 - bot_handlers_fixed - INFO - ✅ Отправили приветствие пользователю Teo
2025-06-15 23:30:16,087 - bot_handlers_fixed - INFO - 💬 Teo (ID: 472118566) прислал сообщение: '🌞 Получить порцию тепла...'
2025-06-15 23:30:16,088 - bot_handlers_fixed - INFO - 🌞 Teo (ID: 472118566) запросил порцию тепла
2025-06-15 23:30:16,089 - database - INFO - 🎲 Выбрали случайную фразу: 'Твоё присутствие в мире что-то...'
2025-06-15 23:30:16,254 - bot_handlers_fixed - INFO - ✅ Отправили фразу пользователю Teo
2025-06-15 23:30:20,900 - bot_handlers_fixed - INFO - 💬 Teo (ID: 472118566) прислал сообщение: '💌 Поделиться своей фразой...'
2025-06-15 23:30:20,901 - bot_handlers_fixed - INFO - 💌 Teo (ID: 472118566) хочет поделиться фразой
2025-06-15 23:30:21,071 - bot_handlers_fixed - INFO - ✅ Запросили фразу у пользователя Teo
2025-06-15 23:30:25,145 - bot_handlers_fixed - INFO - 💬 Teo (ID: 472118566) прислал сообщение: 'Делал...'
2025-06-15 23:30:25,149 - database - INFO - 💾 Сохранили фразу от Teo (ID: 472118566): 'Делал...'
2025-06-15 23:30:25,355 - bot_handlers_fixed - INFO - ✅ Успешно сохранили фразу от Teo
2025-06-15 23:30:46,481 - bot_handlers_fixed - INFO - 👑 Админ Teo запросил модерацию фраз
2025-06-15 23:30:46,482 - moderation - INFO - 📄 Загружено 5 фраз на модерации
2025-06-15 23:30:46,880 - bot_handlers_fixed - INFO - ✅ Отправлен список фраз на модерации
2025-06-15 23:31:01,026 - bot_handlers_fixed - INFO - 👑 Админ Teo запросил статистику модерации
2025-06-15 23:31:01,026 - moderation - ERROR - ❌ Ошибка получения статистики модерации: type object 'datetime.datetime' has no attribute 'timedelta'
2025-06-15 23:31:01,354 - bot_handlers_fixed - INFO - ✅ Отправлена статистика модерации
2025-06-15 23:31:32,375 - bot_handlers_fixed - INFO - 👑 Админ Teo запросил информацию о безопасности
2025-06-15 23:31:32,827 - bot_handlers_fixed - INFO - ✅ Отправлена информация о безопасности
2025-06-15 23:34:30,857 - telegram.ext.Application - INFO - Application is stopping. This might take a moment.
2025-06-15 23:34:30,859 - apscheduler.scheduler - INFO - Scheduler has been shut down
2025-06-15 23:34:30,872 - telegram.ext.Application - INFO - Application.stop() complete
2025-06-15 23:34:30,874 - scheduler - ERROR - ❌ Ошибка остановки планировщика: Event loop is closed
2025-06-15 23:34:30,874 - __main__ - INFO - 🏁 Завершение работы бота
2025-06-15 23:47:54,235 - __main__ - INFO - 🚀 Запускаем бота Мацав Тов...
2025-06-15 23:47:54,235 - __main__ - INFO - 📁 Логи сохраняются в: logs/bot.log
2025-06-15 23:47:54,235 - __main__ - INFO - 📂 Инициализируем файлы данных...
2025-06-15 23:47:54,235 - database - INFO - 📁 Проверили папку data
2025-06-15 23:47:54,235 - database - INFO - 📄 Файл с фразами уже существует: data/phrases.txt
2025-06-15 23:47:54,235 - database - INFO - 📄 CSV файл для пользовательских фраз уже существует: data/user_phrases.csv
2025-06-15 23:47:54,235 - database - INFO - 📄 Файл пользователей уже существует: data/users.txt
2025-06-15 23:47:54,235 - __main__ - INFO - 🔧 Создаем приложение бота...
2025-06-15 23:47:54,275 - __main__ - INFO - 📅 Инициализируем планировщик рассылки...
2025-06-15 23:47:54,277 - scheduler - INFO - 📅 Инициализируем планировщик рассылки
2025-06-15 23:47:54,277 - __main__ - INFO - ✅ Планировщик создан
2025-06-15 23:47:54,277 - __main__ - INFO - 💾 Планировщик сохранён в bot_data
2025-06-15 23:47:54,277 - __main__ - INFO - 🔧 Устанавливаем глобальный планировщик...
2025-06-15 23:47:54,278 - bot_handlers_fixed - INFO - ✅ Глобальный планировщик установлен
2025-06-15 23:47:54,278 - __main__ - INFO - ✅ Глобальный планировщик установлен в main.py
2025-06-15 23:47:54,278 - __main__ - INFO - ⚙️ Добавляем обработчики команд...
2025-06-15 23:47:54,278 - __main__ - INFO - ✅ Все обработчики добавлены
2025-06-15 23:47:54,278 - __main__ - INFO - 🚀 Запускаем планировщик рассылки...
2025-06-15 23:47:54,278 - apscheduler.scheduler - INFO - Adding job tentatively -- it will be properly scheduled when the scheduler starts
2025-06-15 23:47:54,278 - scheduler - INFO - 📅 Запланировано уведомление #1 на 09:43
2025-06-15 23:47:54,278 - apscheduler.scheduler - INFO - Adding job tentatively -- it will be properly scheduled when the scheduler starts
2025-06-15 23:47:54,278 - scheduler - INFO - 📅 Запланировано уведомление #2 на 13:40
2025-06-15 23:47:54,278 - apscheduler.scheduler - INFO - Adding job tentatively -- it will be properly scheduled when the scheduler starts
2025-06-15 23:47:54,278 - scheduler - INFO - 📅 Запланировано уведомление #3 на 16:25
2025-06-15 23:47:54,278 - apscheduler.scheduler - INFO - Adding job tentatively -- it will be properly scheduled when the scheduler starts
2025-06-15 23:47:54,278 - scheduler - INFO - 📅 Запланировано уведомление #4 на 19:58
2025-06-15 23:47:54,279 - apscheduler.scheduler - INFO - Added job "NotificationScheduler.send_daily_notification" to job store "default"
2025-06-15 23:47:54,279 - apscheduler.scheduler - INFO - Added job "NotificationScheduler.send_daily_notification" to job store "default"
2025-06-15 23:47:54,279 - apscheduler.scheduler - INFO - Added job "NotificationScheduler.send_daily_notification" to job store "default"
2025-06-15 23:47:54,279 - apscheduler.scheduler - INFO - Added job "NotificationScheduler.send_daily_notification" to job store "default"
2025-06-15 23:47:54,279 - apscheduler.scheduler - INFO - Scheduler started
2025-06-15 23:47:54,279 - scheduler - INFO - ✅ Планировщик рассылки запущен
2025-06-15 23:47:54,279 - scheduler - INFO - 🎯 Запланировано 4 уведомления в день
2025-06-15 23:47:54,279 - __main__ - INFO - 🔄 Бот запущен и ожидает сообщения...
2025-06-15 23:47:58,240 - apscheduler.scheduler - INFO - Scheduler started
2025-06-15 23:47:58,240 - telegram.ext.Application - INFO - Application started
2025-06-15 23:48:02,691 - bot_handlers_fixed - INFO - 👤 Teo (ID: 472118566) запустил команду /start
2025-06-15 23:48:02,692 - database - INFO - 📊 Загрузили 1 пользователей
2025-06-15 23:48:02,692 - database - INFO - 👤 Пользователь Teo (ID: 472118566) уже зарегистрирован
2025-06-15 23:48:02,918 - bot_handlers_fixed - INFO - ✅ Отправили приветствие пользователю Teo
2025-06-15 23:48:04,522 - bot_handlers_fixed - INFO - 💬 Teo (ID: 472118566) прислал сообщение: '🌞 Получить порцию тепла...'
2025-06-15 23:48:04,522 - bot_handlers_fixed - INFO - 🌞 Teo (ID: 472118566) запросил порцию тепла
2025-06-15 23:48:04,523 - database - INFO - 🎲 Выбрали случайную фразу: 'Иногда просто выдох — уже подв...'
2025-06-15 23:48:04,679 - bot_handlers_fixed - INFO - ✅ Отправили фразу пользователю Teo
2025-06-15 23:48:07,707 - bot_handlers_fixed - INFO - 💬 Teo (ID: 472118566) прислал сообщение: '💌 Поделиться своей фразой...'
2025-06-15 23:48:07,707 - bot_handlers_fixed - INFO - 💌 Teo (ID: 472118566) хочет поделиться фразой
2025-06-15 23:48:07,883 - bot_handlers_fixed - INFO - ✅ Запросили фразу у пользователя Teo
2025-06-15 23:48:10,985 - bot_handlers_fixed - INFO - 💬 Teo (ID: 472118566) прислал сообщение: '🌞 Получить порцию тепла...'
2025-06-15 23:48:10,986 - bot_handlers_fixed - INFO - 🌞 Teo (ID: 472118566) запросил порцию тепла
2025-06-15 23:48:10,986 - database - INFO - 🎲 Выбрали случайную фразу: 'Ошибки — это просто опыт с дру...'
2025-06-15 23:48:11,292 - bot_handlers_fixed - INFO - ✅ Отправили фразу пользователю Teo
2025-06-15 23:48:12,986 - bot_handlers_fixed - INFO - 💬 Teo (ID: 472118566) прислал сообщение: '🌞 Получить порцию тепла...'
2025-06-15 23:48:12,986 - bot_handlers_fixed - INFO - 🌞 Teo (ID: 472118566) запросил порцию тепла
2025-06-15 23:48:12,986 - database - INFO - 🎲 Выбрали случайную фразу: 'Иногда просто выдох — уже подв...'
2025-06-15 23:48:13,146 - bot_handlers_fixed - INFO - ✅ Отправили фразу пользователю Teo
2025-06-15 23:48:14,773 - bot_handlers_fixed - INFO - 💬 Teo (ID: 472118566) прислал сообщение: '🌞 Получить порцию тепла...'
2025-06-15 23:48:14,773 - bot_handlers_fixed - INFO - 🌞 Teo (ID: 472118566) запросил порцию тепла
2025-06-15 23:48:14,773 - database - INFO - 🎲 Выбрали случайную фразу: 'Просто быть здесь — уже достиж...'
2025-06-15 23:48:14,910 - bot_handlers_fixed - INFO - ✅ Отправили фразу пользователю Teo
2025-06-15 23:48:17,147 - bot_handlers_fixed - INFO - 💬 Teo (ID: 472118566) прислал сообщение: '💌 Поделиться своей фразой...'
2025-06-15 23:48:17,148 - bot_handlers_fixed - INFO - 💌 Teo (ID: 472118566) хочет поделиться фразой
2025-06-15 23:48:17,308 - bot_handlers_fixed - INFO - ✅ Запросили фразу у пользователя Teo
2025-06-15 23:48:23,439 - bot_handlers_fixed - INFO - 💬 Teo (ID: 472118566) прислал сообщение: 'jqdfdfjqdeshs...'
2025-06-15 23:48:23,443 - database - INFO - 💾 Сохранили фразу от Teo (ID: 472118566): 'jqdfdfjqdeshs...'
2025-06-15 23:48:24,077 - bot_handlers_fixed - INFO - ✅ Успешно сохранили фразу от Teo
2025-06-15 23:52:42,777 - bot_handlers_fixed - INFO - 💬 Teo (ID: 472118566) прислал сообщение: '🌞 Получить порцию тепла...'
2025-06-15 23:52:42,778 - bot_handlers_fixed - INFO - 🌞 Teo (ID: 472118566) запросил порцию тепла
2025-06-15 23:52:42,779 - database - INFO - 🎲 Выбрали случайную фразу: 'Иногда просто выдох — уже подв...'
2025-06-15 23:52:43,142 - bot_handlers_fixed - INFO - ✅ Отправили фразу пользователю Teo
2025-06-15 23:52:46,137 - bot_handlers_fixed - INFO - 💬 Teo (ID: 472118566) прислал сообщение: '💌 Поделиться своей фразой...'
2025-06-15 23:52:46,137 - bot_handlers_fixed - INFO - 💌 Teo (ID: 472118566) хочет поделиться фразой
2025-06-15 23:52:46,269 - bot_handlers_fixed - INFO - ⏰ Teo на cooldown, осталось 0 минут
2025-06-15 23:52:51,462 - bot_handlers_fixed - INFO - 💬 Teo (ID: 472118566) прислал сообщение: '💌 Поделиться своей фразой...'
2025-06-15 23:52:51,463 - bot_handlers_fixed - INFO - 💌 Teo (ID: 472118566) хочет поделиться фразой
2025-06-15 23:52:51,804 - bot_handlers_fixed - INFO - ⏰ Teo на cooldown, осталось 0 минут
2025-06-15 23:56:48,596 - telegram.ext.Application - INFO - Application is stopping. This might take a moment.
2025-06-15 23:56:48,599 - apscheduler.scheduler - INFO - Scheduler has been shut down
2025-06-15 23:56:48,610 - telegram.ext.Application - INFO - Application.stop() complete
2025-06-15 23:56:48,611 - scheduler - ERROR - ❌ Ошибка остановки планировщика: Event loop is closed
2025-06-15 23:56:48,611 - __main__ - INFO - 🏁 Завершение работы бота
2025-06-15 23:58:34,983 - __main__ - INFO - 🚀 Запускаем бота Мацав Тов...
2025-06-15 23:58:34,983 - __main__ - INFO - 📁 Логи сохраняются в: logs/bot.log
2025-06-15 23:58:34,983 - __main__ - INFO - 📂 Инициализируем файлы данных...
2025-06-15 23:58:34,983 - database - INFO - 📁 Проверили папку data
2025-06-15 23:58:34,983 - database - INFO - 📄 Файл с фразами уже существует: data/phrases.txt
2025-06-15 23:58:34,983 - database - INFO - 📄 CSV файл для пользовательских фраз уже существует: data/user_phrases.csv
2025-06-15 23:58:34,983 - database - INFO - 📄 Файл пользователей уже существует: data/users.txt
2025-06-15 23:58:34,983 - __main__ - INFO - 🔧 Создаем приложение бота...
2025-06-15 23:58:35,019 - __main__ - INFO - 📅 Инициализируем планировщик рассылки...
2025-06-15 23:58:35,020 - scheduler - INFO - 📅 Инициализируем планировщик рассылки
2025-06-15 23:58:35,020 - __main__ - INFO - ✅ Планировщик создан
2025-06-15 23:58:35,020 - __main__ - INFO - 💾 Планировщик сохранён в bot_data
2025-06-15 23:58:35,020 - __main__ - INFO - 🔧 Устанавливаем глобальный планировщик...
2025-06-15 23:58:35,024 - bot_handlers_fixed - INFO - ✅ Глобальный планировщик установлен
2025-06-15 23:58:35,024 - __main__ - INFO - ✅ Глобальный планировщик установлен в main.py
2025-06-15 23:58:35,024 - __main__ - INFO - ⚙️ Добавляем обработчики команд...
2025-06-15 23:58:35,024 - __main__ - INFO - ✅ Все обработчики добавлены
2025-06-15 23:58:35,024 - __main__ - INFO - 🚀 Запускаем планировщик рассылки...
2025-06-15 23:58:35,024 - apscheduler.scheduler - INFO - Adding job tentatively -- it will be properly scheduled when the scheduler starts
2025-06-15 23:58:35,024 - scheduler - INFO - 📅 Запланировано уведомление #1 на 10:13
2025-06-15 23:58:35,024 - apscheduler.scheduler - INFO - Adding job tentatively -- it will be properly scheduled when the scheduler starts
2025-06-15 23:58:35,024 - scheduler - INFO - 📅 Запланировано уведомление #2 на 13:19
2025-06-15 23:58:35,024 - apscheduler.scheduler - INFO - Adding job tentatively -- it will be properly scheduled when the scheduler starts
2025-06-15 23:58:35,024 - scheduler - INFO - 📅 Запланировано уведомление #3 на 17:21
2025-06-15 23:58:35,025 - apscheduler.scheduler - INFO - Adding job tentatively -- it will be properly scheduled when the scheduler starts
2025-06-15 23:58:35,025 - scheduler - INFO - 📅 Запланировано уведомление #4 на 20:15
2025-06-15 23:58:35,025 - apscheduler.scheduler - INFO - Added job "NotificationScheduler.send_daily_notification" to job store "default"
2025-06-15 23:58:35,025 - apscheduler.scheduler - INFO - Added job "NotificationScheduler.send_daily_notification" to job store "default"
2025-06-15 23:58:35,025 - apscheduler.scheduler - INFO - Added job "NotificationScheduler.send_daily_notification" to job store "default"
2025-06-15 23:58:35,025 - apscheduler.scheduler - INFO - Added job "NotificationScheduler.send_daily_notification" to job store "default"
2025-06-15 23:58:35,025 - apscheduler.scheduler - INFO - Scheduler started
2025-06-15 23:58:35,025 - scheduler - INFO - ✅ Планировщик рассылки запущен
2025-06-15 23:58:35,025 - scheduler - INFO - 🎯 Запланировано 4 уведомления в день
2025-06-15 23:58:35,025 - __main__ - INFO - 🔄 Бот запущен и ожидает сообщения...
2025-06-15 23:58:35,504 - apscheduler.scheduler - INFO - Scheduler started
2025-06-15 23:58:35,505 - telegram.ext.Application - INFO - Application started
2025-06-15 23:58:44,167 - bot_handlers_fixed - INFO - 👤 Teo (ID: 472118566) запустил команду /start
2025-06-15 23:58:44,169 - database - INFO - 📊 Загрузили 1 пользователей
2025-06-15 23:58:44,170 - database - INFO - 👤 Пользователь Teo (ID: 472118566) уже зарегистрирован
2025-06-15 23:58:44,495 - bot_handlers_fixed - INFO - ✅ Отправили приветствие пользователю Teo
2025-06-15 23:58:46,483 - bot_handlers_fixed - INFO - 💬 Teo (ID: 472118566) прислал сообщение: '💌 Получить сообщение...'
2025-06-15 23:58:46,705 - bot_handlers_fixed - INFO - ❓ Teo прислал неожиданное сообщение в состоянии main_menu
2025-06-15 23:58:50,477 - bot_handlers_fixed - INFO - 💬 Teo (ID: 472118566) прислал сообщение: '💌 Получить сообщение...'
2025-06-15 23:58:50,634 - bot_handlers_fixed - INFO - ❓ Teo прислал неожиданное сообщение в состоянии main_menu
2025-06-15 23:58:54,263 - bot_handlers_fixed - INFO - 💬 Teo (ID: 472118566) прислал сообщение: '🌱 Поделиться своим...'
2025-06-15 23:58:54,423 - bot_handlers_fixed - INFO - ❓ Teo прислал неожиданное сообщение в состоянии main_menu
2025-06-16 00:02:47,197 - telegram.ext.Application - INFO - Application is stopping. This might take a moment.
2025-06-16 00:02:47,198 - apscheduler.scheduler - INFO - Scheduler has been shut down
2025-06-16 00:02:47,209 - telegram.ext.Application - INFO - Application.stop() complete
2025-06-16 00:02:47,212 - scheduler - ERROR - ❌ Ошибка остановки планировщика: Event loop is closed
2025-06-16 00:02:47,212 - __main__ - INFO - 🏁 Завершение работы бота
2025-06-16 00:03:38,053 - __main__ - INFO - 🚀 Запускаем бота Мацав Тов...
2025-06-16 00:03:38,053 - __main__ - INFO - 📁 Логи сохраняются в: logs/bot.log
2025-06-16 00:03:38,053 - __main__ - INFO - 📂 Инициализируем файлы данных...
2025-06-16 00:03:38,053 - database - INFO - 📁 Проверили папку data
2025-06-16 00:03:38,053 - database - INFO - 📄 Файл с фразами уже существует: data/phrases.txt
2025-06-16 00:03:38,053 - database - INFO - 📄 CSV файл для пользовательских фраз уже существует: data/user_phrases.csv
2025-06-16 00:03:38,053 - database - INFO - 📄 Файл пользователей уже существует: data/users.txt
2025-06-16 00:03:38,053 - __main__ - INFO - 🔧 Создаем приложение бота...
2025-06-16 00:03:38,091 - __main__ - INFO - 📅 Инициализируем планировщик рассылки...
2025-06-16 00:03:38,092 - scheduler - INFO - 📅 Инициализируем планировщик рассылки
2025-06-16 00:03:38,092 - __main__ - INFO - ✅ Планировщик создан
2025-06-16 00:03:38,092 - __main__ - INFO - 💾 Планировщик сохранён в bot_data
2025-06-16 00:03:38,092 - __main__ - INFO - 🔧 Устанавливаем глобальный планировщик...
2025-06-16 00:03:38,096 - bot_handlers_fixed - INFO - ✅ Глобальный планировщик установлен
2025-06-16 00:03:38,096 - __main__ - INFO - ✅ Глобальный планировщик установлен в main.py
2025-06-16 00:03:38,096 - __main__ - INFO - ⚙️ Добавляем обработчики команд...
2025-06-16 00:03:38,096 - __main__ - INFO - ✅ Все обработчики добавлены
2025-06-16 00:03:38,096 - __main__ - INFO - 🚀 Запускаем планировщик рассылки...
2025-06-16 00:03:38,096 - apscheduler.scheduler - INFO - Adding job tentatively -- it will be properly scheduled when the scheduler starts
2025-06-16 00:03:38,096 - scheduler - INFO - 📅 Запланировано уведомление #1 на 09:48
2025-06-16 00:03:38,096 - apscheduler.scheduler - INFO - Adding job tentatively -- it will be properly scheduled when the scheduler starts
2025-06-16 00:03:38,096 - scheduler - INFO - 📅 Запланировано уведомление #2 на 12:29
2025-06-16 00:03:38,096 - apscheduler.scheduler - INFO - Adding job tentatively -- it will be properly scheduled when the scheduler starts
2025-06-16 00:03:38,096 - scheduler - INFO - 📅 Запланировано уведомление #3 на 17:23
2025-06-16 00:03:38,096 - apscheduler.scheduler - INFO - Adding job tentatively -- it will be properly scheduled when the scheduler starts
2025-06-16 00:03:38,096 - scheduler - INFO - 📅 Запланировано уведомление #4 на 20:21
2025-06-16 00:03:38,097 - apscheduler.scheduler - INFO - Added job "NotificationScheduler.send_daily_notification" to job store "default"
2025-06-16 00:03:38,097 - apscheduler.scheduler - INFO - Added job "NotificationScheduler.send_daily_notification" to job store "default"
2025-06-16 00:03:38,097 - apscheduler.scheduler - INFO - Added job "NotificationScheduler.send_daily_notification" to job store "default"
2025-06-16 00:03:38,097 - apscheduler.scheduler - INFO - Added job "NotificationScheduler.send_daily_notification" to job store "default"
2025-06-16 00:03:38,097 - apscheduler.scheduler - INFO - Scheduler started
2025-06-16 00:03:38,097 - scheduler - INFO - ✅ Планировщик рассылки запущен
2025-06-16 00:03:38,097 - scheduler - INFO - 🎯 Запланировано 4 уведомления в день
2025-06-16 00:03:38,097 - __main__ - INFO - 🔄 Бот запущен и ожидает сообщения...
2025-06-16 00:03:38,581 - apscheduler.scheduler - INFO - Scheduler started
2025-06-16 00:03:38,582 - telegram.ext.Application - INFO - Application started
2025-06-16 00:03:59,011 - bot_handlers_fixed - INFO - 👤 Teo (ID: 472118566) запустил команду /start
2025-06-16 00:03:59,013 - database - INFO - 📊 Загрузили 1 пользователей
2025-06-16 00:03:59,013 - database - INFO - 👤 Пользователь Teo (ID: 472118566) уже зарегистрирован
2025-06-16 00:03:59,484 - bot_handlers_fixed - INFO - ✅ Отправили приветствие пользователю Teo
2025-06-16 00:04:01,878 - bot_handlers_fixed - INFO - 💬 Teo (ID: 472118566) прислал сообщение: '🌞 Получить порцию тепла...'
2025-06-16 00:04:01,878 - bot_handlers_fixed - INFO - 🌞 Teo (ID: 472118566) запросил порцию тепла
2025-06-16 00:04:01,879 - database - INFO - 🎲 Выбрали случайную фразу: 'Твои чувства важны и имеют пра...'
2025-06-16 00:04:02,019 - bot_handlers_fixed - INFO - ✅ Отправили фразу пользователю Teo
2025-06-16 00:04:03,284 - bot_handlers_fixed - INFO - 💬 Teo (ID: 472118566) прислал сообщение: '🌞 Получить порцию тепла...'
2025-06-16 00:04:03,285 - bot_handlers_fixed - INFO - 🌞 Teo (ID: 472118566) запросил порцию тепла
2025-06-16 00:04:03,285 - database - INFO - 🎲 Выбрали случайную фразу: 'Иногда просто выдох — уже подв...'
2025-06-16 00:04:03,472 - bot_handlers_fixed - INFO - ✅ Отправили фразу пользователю Teo
2025-06-16 00:04:04,744 - bot_handlers_fixed - INFO - 💬 Teo (ID: 472118566) прислал сообщение: '🌞 Получить порцию тепла...'
2025-06-16 00:04:04,744 - bot_handlers_fixed - INFO - 🌞 Teo (ID: 472118566) запросил порцию тепла
2025-06-16 00:04:04,745 - database - INFO - 🎲 Выбрали случайную фразу: 'Ты справился с 100% своих плох...'
2025-06-16 00:04:04,893 - bot_handlers_fixed - INFO - ✅ Отправили фразу пользователю Teo
2025-06-16 00:04:06,505 - bot_handlers_fixed - INFO - 💬 Teo (ID: 472118566) прислал сообщение: '🌞 Получить порцию тепла...'
2025-06-16 00:04:06,505 - bot_handlers_fixed - INFO - 🌞 Teo (ID: 472118566) запросил порцию тепла
2025-06-16 00:04:06,506 - database - INFO - 🎲 Выбрали случайную фразу: 'Твои чувства важны и имеют пра...'
2025-06-16 00:04:06,630 - bot_handlers_fixed - INFO - ✅ Отправили фразу пользователю Teo
2025-06-16 00:04:07,694 - bot_handlers_fixed - INFO - 💬 Teo (ID: 472118566) прислал сообщение: '🌞 Получить порцию тепла...'
2025-06-16 00:04:07,694 - bot_handlers_fixed - INFO - 🌞 Teo (ID: 472118566) запросил порцию тепла
2025-06-16 00:04:07,695 - database - INFO - 🎲 Выбрали случайную фразу: 'Вот ты читаешь это — и уже не ...'
2025-06-16 00:04:08,077 - bot_handlers_fixed - INFO - ✅ Отправили фразу пользователю Teo
2025-06-16 00:04:08,941 - bot_handlers_fixed - INFO - 💬 Teo (ID: 472118566) прислал сообщение: '🌞 Получить порцию тепла...'
2025-06-16 00:04:08,941 - bot_handlers_fixed - INFO - 🌞 Teo (ID: 472118566) запросил порцию тепла
2025-06-16 00:04:08,941 - database - INFO - 🎲 Выбрали случайную фразу: 'Вот ты читаешь это — и уже не ...'
2025-06-16 00:04:09,068 - bot_handlers_fixed - INFO - ✅ Отправили фразу пользователю Teo
2025-06-16 00:04:10,324 - bot_handlers_fixed - INFO - 💬 Teo (ID: 472118566) прислал сообщение: '🌞 Получить порцию тепла...'
2025-06-16 00:04:10,324 - bot_handlers_fixed - INFO - 🌞 Teo (ID: 472118566) запросил порцию тепла
2025-06-16 00:04:10,324 - database - INFO - 🎲 Выбрали случайную фразу: 'Маленькие шаги тоже ведут к це...'
2025-06-16 00:04:10,447 - bot_handlers_fixed - INFO - ✅ Отправили фразу пользователю Teo
2025-06-16 00:04:11,404 - bot_handlers_fixed - INFO - 💬 Teo (ID: 472118566) прислал сообщение: '💌 Поделиться своей фразой...'
2025-06-16 00:04:11,404 - bot_handlers_fixed - INFO - 💌 Teo (ID: 472118566) хочет поделиться фразой
2025-06-16 00:04:11,565 - bot_handlers_fixed - INFO - ✅ Запросили фразу у пользователя Teo
2025-06-16 00:04:24,782 - bot_handlers_fixed - INFO - 💬 Teo (ID: 472118566) прислал сообщение: 'Все хорошо...'
2025-06-16 00:04:24,787 - database - INFO - 💾 Сохранили фразу от Teo (ID: 472118566): 'Все хорошо...'
2025-06-16 00:04:25,118 - bot_handlers_fixed - INFO - ✅ Успешно сохранили фразу от Teo
2025-06-16 00:05:17,671 - bot_handlers_fixed - INFO - 👑 Админ Teo запросил статистику
2025-06-16 00:05:17,673 - database - INFO - 📊 В базе 15 фраз
2025-06-16 00:05:17,674 - database - INFO - 📊 Ожидает модерации: 7 фраз
2025-06-16 00:05:17,674 - database - INFO - 📊 Загрузили 1 пользователей
2025-06-16 00:05:17,674 - bot_handlers_fixed - INFO - 🔍 global_scheduler состояние в admin_stats: True
2025-06-16 00:05:18,154 - bot_handlers_fixed - INFO - ✅ Отправили админскую статистику
2025-06-16 00:05:35,370 - bot_handlers_fixed - INFO - 👑 Админ Teo запросил тестовое уведомление
2025-06-16 00:05:35,370 - bot_handlers_fixed - INFO - 🔍 global_scheduler состояние: True
2025-06-16 00:05:35,370 - bot_handlers_fixed - INFO - 🔍 Тип global_scheduler: <class 'scheduler.NotificationScheduler'>
2025-06-16 00:05:35,371 - bot_handlers_fixed - INFO - 🔍 Методы global_scheduler: ['__class__', '__delattr__', '__dict__', '__dir__', '__doc__', '__eq__', '__format__', '__ge__', '__getattribute__', '__getstate__', '__gt__', '__hash__', '__init__', '__init_subclass__', '__le__', '__lt__', '__module__', '__ne__', '__new__', '__reduce__', '__reduce_ex__', '__repr__', '__setattr__', '__sizeof__', '__str__', '__subclasshook__', '__weakref__', 'bot', 'get_next_notifications', 'get_stats', 'notification_count', 'reschedule_notifications', 'schedule_daily_notifications', 'scheduler', 'send_daily_notification', 'send_test_notification', 'start', 'stop']
2025-06-16 00:05:35,371 - database - INFO - 🎲 Выбрали случайную фразу: 'Ты справился с 100% своих плох...'
2025-06-16 00:05:35,909 - scheduler - INFO - ✅ Тестовое уведомление отправлено пользователю 472118566
2025-06-16 00:05:36,083 - bot_handlers_fixed - INFO - ✅ Тестовое уведомление отправлено успешно
2025-06-16 00:05:51,033 - bot_handlers_fixed - INFO - 👑 Админ Teo перепланирует рассылки
2025-06-16 00:05:51,033 - bot_handlers_fixed - INFO - 🔍 global_scheduler состояние: True
2025-06-16 00:05:51,034 - apscheduler.scheduler - INFO - Removed job daily_notification_0
2025-06-16 00:05:51,034 - apscheduler.scheduler - INFO - Removed job daily_notification_1
2025-06-16 00:05:51,034 - apscheduler.scheduler - INFO - Removed job daily_notification_2
2025-06-16 00:05:51,034 - apscheduler.scheduler - INFO - Removed job daily_notification_3
2025-06-16 00:05:51,034 - apscheduler.scheduler - INFO - Added job "NotificationScheduler.send_daily_notification" to job store "default"
2025-06-16 00:05:51,034 - scheduler - INFO - 📅 Запланировано уведомление #1 на 09:39
2025-06-16 00:05:51,034 - apscheduler.scheduler - INFO - Added job "NotificationScheduler.send_daily_notification" to job store "default"
2025-06-16 00:05:51,034 - scheduler - INFO - 📅 Запланировано уведомление #2 на 14:02
2025-06-16 00:05:51,034 - apscheduler.scheduler - INFO - Added job "NotificationScheduler.send_daily_notification" to job store "default"
2025-06-16 00:05:51,034 - scheduler - INFO - 📅 Запланировано уведомление #3 на 16:16
2025-06-16 00:05:51,034 - apscheduler.scheduler - INFO - Added job "NotificationScheduler.send_daily_notification" to job store "default"
2025-06-16 00:05:51,034 - scheduler - INFO - 📅 Запланировано уведомление #4 на 18:20
2025-06-16 00:05:51,034 - scheduler - INFO - 🔄 Расписание рассылки обновлено
2025-06-16 00:05:51,371 - bot_handlers_fixed - INFO - ✅ Рассылки перепланированы успешно
2025-06-16 00:05:51,372 - bot_handlers_fixed - INFO - 📅 Новые времена: 09:39, 14:02, 16:16, 18:20
2025-06-16 00:06:09,065 - bot_handlers_fixed - INFO - 👑 Админ Teo запросил модерацию фраз
2025-06-16 00:06:09,066 - moderation - INFO - 📄 Загружено 7 фраз на модерации
2025-06-16 00:06:09,610 - bot_handlers_fixed - INFO - ✅ Отправлен список фраз на модерации
2025-06-16 00:06:17,786 - bot_handlers_fixed - INFO - 👑 Админ Teo запросил модерацию фраз
2025-06-16 00:06:17,787 - moderation - INFO - 📄 Загружено 7 фраз на модерации
2025-06-16 00:06:18,383 - bot_handlers_fixed - INFO - ✅ Отправлен список фраз на модерации
2025-06-16 00:06:21,859 - bot_handlers_fixed - INFO - 👑 Админ Teo запросил статистику модерации
2025-06-16 00:06:21,859 - moderation - ERROR - ❌ Ошибка получения статистики модерации: type object 'datetime.datetime' has no attribute 'timedelta'
2025-06-16 00:06:22,031 - bot_handlers_fixed - INFO - ✅ Отправлена статистика модерации
2025-06-16 00:06:44,083 - bot_handlers_fixed - INFO - 👑 Админ Teo запросил модерацию фраз
2025-06-16 00:06:44,083 - moderation - INFO - 📄 Загружено 0 фраз на модерации
2025-06-16 00:06:44,464 - bot_handlers_fixed - INFO - ✅ Отправлен список фраз на модерации
2025-06-16 00:06:57,836 - bot_handlers_fixed - INFO - 💬 Teo (ID: 472118566) прислал сообщение: '💌 Поделиться своей фразой...'
2025-06-16 00:06:57,837 - bot_handlers_fixed - INFO - 💌 Teo (ID: 472118566) хочет поделиться фразой
2025-06-16 00:06:58,196 - bot_handlers_fixed - INFO - ⏰ Teo на cooldown, осталось 2 минут
2025-06-16 00:07:06,058 - security - WARNING - ⚠️ Пользователь 472118566 превысил лимит сообщений в час
2025-06-16 00:07:06,392 - bot_handlers_fixed - WARNING - ⚠️ Teo превысил лимит сообщений
2025-06-16 00:07:14,184 - security - WARNING - ⚠️ Пользователь 472118566 превысил лимит сообщений в час
2025-06-16 00:07:14,654 - bot_handlers_fixed - WARNING - ⚠️ Teo превысил лимит сообщений
2025-06-16 00:07:50,437 - bot_handlers_fixed - INFO - 👑 Админ Teo запросил информацию о безопасности
2025-06-16 00:07:50,752 - bot_handlers_fixed - INFO - ✅ Отправлена информация о безопасности
2025-06-16 00:08:10,909 - security - WARNING - ⚠️ Пользователь 472118566 превысил лимит сообщений в час
2025-06-16 00:08:11,247 - bot_handlers_fixed - WARNING - ⚠️ Teo превысил лимит сообщений
2025-06-16 00:08:14,808 - security - WARNING - ⚠️ Пользователь 472118566 превысил лимит сообщений в час
2025-06-16 00:08:15,123 - bot_handlers_fixed - WARNING - ⚠️ Teo превысил лимит сообщений
2025-06-16 00:12:47,095 - bot_handlers_fixed - INFO - 👤 Teo (ID: 472118566) запустил команду /start
2025-06-16 00:12:47,097 - database - INFO - 📊 Загрузили 1 пользователей
2025-06-16 00:12:47,097 - database - INFO - 👤 Пользователь Teo (ID: 472118566) уже зарегистрирован
2025-06-16 00:12:47,441 - bot_handlers_fixed - INFO - ✅ Отправили приветствие пользователю Teo
2025-06-16 00:13:13,964 - telegram.ext.Application - INFO - Application is stopping. This might take a moment.
2025-06-16 00:13:13,964 - apscheduler.scheduler - INFO - Scheduler has been shut down
2025-06-16 00:13:13,975 - telegram.ext.Application - INFO - Application.stop() complete
2025-06-16 00:13:13,977 - scheduler - ERROR - ❌ Ошибка остановки планировщика: Event loop is closed
2025-06-16 00:13:13,977 - __main__ - INFO - 🏁 Завершение работы бота
